#
# There is insufficient memory for the Java Runtime Environment to continue.
# Native memory allocation (mmap) failed to map 100663296 bytes for Failed to commit area from 0x00000000a1e00000 to 0x00000000a7e00000 of length 100663296.
# Possible reasons:
#   The system is out of physical RAM or swap space
#   The process is running with CompressedOops enabled, and the Java Heap may be blocking the growth of the native heap
# Possible solutions:
#   Reduce memory load on the system
#   Increase physical memory or swap space
#   Check if swap backing store is full
#   Decrease Java heap size (-Xmx/-Xms)
#   Decrease number of Java threads
#   Decrease Java thread stack sizes (-Xss)
#   Set larger code cache with -XX:ReservedCodeCacheSize=
# This output file may be truncated or incomplete.
#
#  Out of Memory Error (./src/hotspot/os/windows/os_windows.cpp:3301), pid=4004, tid=12148
#
# JRE version:  (11.0.10) (build )
# Java VM: OpenJDK 64-Bit Server VM (11.0.10+0-b96-7249189, mixed mode, sharing, tiered, compressed oops, g1 gc, windows-amd64)
# No core dump will be written. Minidumps are not enabled by default on client versions of Windows
#

---------------  S U M M A R Y ------------

Command Line: org.jetbrains.git4idea.http.GitAskPassApp Username for 'https://github.com': 

Host: AMD Ryzen 5 3550H with Radeon Vega Mobile Gfx  , 8 cores, 5G,  Windows 10 , 64 bit Build 19041 (10.0.19041.1151)
Time: Mon Aug 30 19:14:28 2021 India Standard Time elapsed time: 0.213244 seconds (0d 0h 0m 0s)

---------------  T H R E A D  ---------------

Current thread (0x00000205ba9aa000):  JavaThread "Unknown thread" [_thread_in_vm, id=12148, stack(0x000000de5a100000,0x000000de5a200000)]

Stack: [0x000000de5a100000,0x000000de5a200000]
Native frames: (J=compiled Java code, j=interpreted, Vv=VM code, C=native code)
V  [jvm.dll+0x5ecfaa]
V  [jvm.dll+0x722bd5]
V  [jvm.dll+0x72412d]
V  [jvm.dll+0x7247e3]
V  [jvm.dll+0x242928]
V  [jvm.dll+0x5ea374]
V  [jvm.dll+0x5df425]
V  [jvm.dll+0x2fdebb]
V  [jvm.dll+0x2fde2a]
V  [jvm.dll+0x2fdd02]
V  [jvm.dll+0x302bf6]
V  [jvm.dll+0x34b2a3]
V  [jvm.dll+0x34b9a6]
V  [jvm.dll+0x34b3a3]
V  [jvm.dll+0x2d8888]
V  [jvm.dll+0x2d9a37]
V  [jvm.dll+0x701737]
V  [jvm.dll+0x702f2c]
V  [jvm.dll+0x3587d9]
V  [jvm.dll+0x6e4fae]
V  [jvm.dll+0x3c0be3]
V  [jvm.dll+0x3c2e91]
C  [jli.dll+0x5373]
C  [ucrtbase.dll+0x21bb2]
C  [KERNEL32.DLL+0x17034]
C  [ntdll.dll+0x52651]


---------------  P R O C E S S  ---------------

Threads class SMR info:
_java_thread_list=0x00000205b8832360, length=0, elements={
}

Java Threads: ( => current thread )

Other Threads:
  0x00000205ba9c1000 GCTaskThread "GC Thread#0" [stack: 0x000000de5a200000,0x000000de5a300000] [id=13920]
  0x00000205ba9e9000 ConcurrentGCThread "G1 Main Marker" [stack: 0x000000de5a300000,0x000000de5a400000] [id=11700]
  0x00000205ba9eb800 ConcurrentGCThread "G1 Conc#0" [stack: 0x000000de5a400000,0x000000de5a500000] [id=11052]

[error occurred during error reporting (printing all threads), id 0xc0000005, EXCEPTION_ACCESS_VIOLATION (0xc0000005) at pc=0x00007ff85a579107]

VM state:not at safepoint (not fully initialized)

VM Mutex/Monitor currently owned by a thread:  ([mutex/lock_event])
[0x00000205ba9a76c0] Heap_lock - owner thread: 0x00000205ba9aa000

Heap address: 0x00000000a1e00000, size: 1506 MB, Compressed Oops mode: Non-zero based: 0x00000000a1e00000
Narrow klass base: 0x0000000000000000, Narrow klass shift: 0

GC Heap History (0 events):
No events

Deoptimization events (0 events):
No events

Classes redefined (0 events):
No events

Internal exceptions (0 events):
No events

Events (1 events):
Event: 0.024 Loaded shared library C:\Program Files\Android\Android Studio1\jre\bin\zip.dll


Dynamic libraries:
0x00007ff7d4510000 - 0x00007ff7d451a000 	C:\Program Files\Android\Android Studio1\jre\bin\java.exe
0x00007ff8951d0000 - 0x00007ff8953c5000 	C:\WINDOWS\SYSTEM32\ntdll.dll
0x00007ff893f30000 - 0x00007ff893fed000 	C:\WINDOWS\System32\KERNEL32.DLL
0x00007ff892960000 - 0x00007ff892c29000 	C:\WINDOWS\System32\KERNELBASE.dll
0x00007ff892d50000 - 0x00007ff892e50000 	C:\WINDOWS\System32\ucrtbase.dll
0x00007ff87fdd0000 - 0x00007ff87fde7000 	C:\Program Files\Android\Android Studio1\jre\bin\VCRUNTIME140.dll
0x00007ff873660000 - 0x00007ff873679000 	C:\Program Files\Android\Android Studio1\jre\bin\jli.dll
0x00007ff893750000 - 0x00007ff8938f0000 	C:\WINDOWS\System32\USER32.dll
0x00007ff878b50000 - 0x00007ff878dea000 	C:\WINDOWS\WinSxS\amd64_microsoft.windows.common-controls_6595b64144ccf1df_6.0.19041.1110_none_60b5254171f9507e\COMCTL32.dll
0x00007ff892d20000 - 0x00007ff892d42000 	C:\WINDOWS\System32\win32u.dll
0x00007ff893e90000 - 0x00007ff893f2e000 	C:\WINDOWS\System32\msvcrt.dll
0x00007ff893db0000 - 0x00007ff893dda000 	C:\WINDOWS\System32\GDI32.dll
0x00007ff892f10000 - 0x00007ff89301b000 	C:\WINDOWS\System32\gdi32full.dll
0x00007ff892c30000 - 0x00007ff892ccd000 	C:\WINDOWS\System32\msvcp_win.dll
0x00007ff893910000 - 0x00007ff893940000 	C:\WINDOWS\System32\IMM32.DLL
0x00007ff85fe80000 - 0x00007ff85ff1d000 	C:\Program Files\Android\Android Studio1\jre\bin\msvcp140.dll
0x00007ff85a290000 - 0x00007ff85ad5f000 	C:\Program Files\Android\Android Studio1\jre\bin\server\jvm.dll
0x00007ff893de0000 - 0x00007ff893e8c000 	C:\WINDOWS\System32\ADVAPI32.dll
0x00007ff893be0000 - 0x00007ff893c7b000 	C:\WINDOWS\System32\sechost.dll
0x00007ff893240000 - 0x00007ff89336a000 	C:\WINDOWS\System32\RPCRT4.dll
0x00007ff893a30000 - 0x00007ff893a38000 	C:\WINDOWS\System32\PSAPI.DLL
0x00007ff88b400000 - 0x00007ff88b40a000 	C:\WINDOWS\SYSTEM32\VERSION.dll
0x00007ff887570000 - 0x00007ff887597000 	C:\WINDOWS\SYSTEM32\WINMM.dll
0x00007ff88cb80000 - 0x00007ff88cb89000 	C:\WINDOWS\SYSTEM32\WSOCK32.dll
0x00007ff893b10000 - 0x00007ff893b7b000 	C:\WINDOWS\System32\WS2_32.dll
0x00007ff890810000 - 0x00007ff890822000 	C:\WINDOWS\SYSTEM32\kernel.appcore.dll
0x00007ff88c370000 - 0x00007ff88c381000 	C:\Program Files\Android\Android Studio1\jre\bin\verify.dll
0x00007ff875ca0000 - 0x00007ff875e84000 	C:\WINDOWS\SYSTEM32\DBGHELP.DLL
0x00007ff875720000 - 0x00007ff87574c000 	C:\WINDOWS\SYSTEM32\dbgcore.DLL
0x00007ff892e80000 - 0x00007ff892f03000 	C:\WINDOWS\System32\bcryptPrimitives.dll
0x00007ff88b0c0000 - 0x00007ff88b0e9000 	C:\Program Files\Android\Android Studio1\jre\bin\java.dll
0x00007ff88e320000 - 0x00007ff88e32b000 	C:\Program Files\Android\Android Studio1\jre\bin\jimage.dll
0x00007ff88b0a0000 - 0x00007ff88b0b8000 	C:\Program Files\Android\Android Studio1\jre\bin\zip.dll

dbghelp: loaded successfully - version: 4.0.5 - missing functions: none
symbol engine: initialized successfully - sym options: 0x614 - pdb path: .;C:\Program Files\Android\Android Studio1\jre\bin;C:\WINDOWS\SYSTEM32;C:\WINDOWS\WinSxS\amd64_microsoft.windows.common-controls_6595b64144ccf1df_6.0.19041.1110_none_60b5254171f9507e;C:\Program Files\Android\Android Studio1\jre\bin\server

VM Arguments:
java_command: org.jetbrains.git4idea.http.GitAskPassApp Username for 'https://github.com': 
java_class_path (initial): C:/Program Files/Android/Android Studio1/plugins/git4idea/lib/git4idea-rt.jar;C:/Program Files/Android/Android Studio1/lib/xmlrpc-2.0.1.jar;C:/Program Files/Android/Android Studio1/lib/commons-codec-1.14.jar
Launcher Type: SUN_STANDARD

[Global flags]
     intx CICompilerCount                          = 4                                         {product} {ergonomic}
     uint ConcGCThreads                            = 2                                         {product} {ergonomic}
     uint G1ConcRefinementThreads                  = 8                                         {product} {ergonomic}
   size_t G1HeapRegionSize                         = 1048576                                   {product} {ergonomic}
    uintx GCDrainStackTargetSize                   = 64                                        {product} {ergonomic}
   size_t InitialHeapSize                          = 100663296                                 {product} {ergonomic}
   size_t MarkStackSize                            = 4194304                                   {product} {ergonomic}
   size_t MaxHeapSize                              = 1579155456                                {product} {ergonomic}
   size_t MinHeapDeltaBytes                        = 1048576                                   {product} {ergonomic}
    uintx NonNMethodCodeHeapSize                   = 5836300                                {pd product} {ergonomic}
    uintx NonProfiledCodeHeapSize                  = 122910970                              {pd product} {ergonomic}
    uintx ProfiledCodeHeapSize                     = 122910970                              {pd product} {ergonomic}
    uintx ReservedCodeCacheSize                    = 251658240                              {pd product} {ergonomic}
     bool SegmentedCodeCache                       = true                                      {product} {ergonomic}
     bool UseCompressedClassPointers               = true                                 {lp64_product} {ergonomic}
     bool UseCompressedOops                        = true                                 {lp64_product} {ergonomic}
     bool UseG1GC                                  = true                                      {product} {ergonomic}
     bool UseLargePagesIndividualAllocation        = false                                  {pd product} {ergonomic}

Logging:
Log output configuration:
 #0: stdout all=warning uptime,level,tags
 #1: stderr all=off uptime,level,tags

Environment Variables:
PATH=C:\Program Files\Git\mingw64\libexec\git-core;C:\Program Files\Git\mingw64\libexec\git-core;C:\Program Files\Git\mingw64\bin;C:\Program Files\Git\usr\bin;C:\Users\ASDhull\bin;C:\Program Files (x86)\Common Files\Oracle\Java\javapath;C:\WINDOWS\system32;C:\WINDOWS;C:\WINDOWS\System32\Wbem;C:\WINDOWS\System32\WindowsPowerShell\v1.0;C:\WINDOWS\System32\OpenSSH;C:\Program Files\Git\cmd;C:\Program Files (x86)\Java\jre1.8.0_301\bin;F:\xampp1\php;C:\ProgramData\ComposerSetup\bin;C:\Program Files\nodejs;C:\Users\ASDhull\AppData\Local\Microsoft\WindowsApps;C:\Users\ASDhull\AppData\Local\Programs\Microsoft VS Code\bin;C:\Users\ASDhull\AppData\Roaming\Composer\vendor\bin;C:\Program Files\JetBrains\PyCharm Community Edition 2021.2\bin;C:\Users\ASDhull\AppData\Roaming\npm
USERNAME=ASDhull
DISPLAY=:0.0
LC_ALL=en_US.UTF-8
OS=Windows_NT
PROCESSOR_IDENTIFIER=AMD64 Family 23 Model 24 Stepping 1, AuthenticAMD



---------------  S Y S T E M  ---------------

OS: Windows 10 , 64 bit Build 19041 (10.0.19041.1151)
OS uptime: 0 days 21:47 hours

CPU:total 8 (initial active 8) (8 cores per cpu, 2 threads per core) family 23 model 24 stepping 1 microcode 0x0, cmov, cx8, fxsr, mmx, sse, sse2, sse3, ssse3, sse4.1, sse4.2, popcnt, avx, avx2, aes, clmul, mmxext, 3dnowpref, lzcnt, sse4a, ht, tsc, tscinvbit, tscinv, bmi1, bmi2, adx, s

Memory: 4k page, system-wide physical 6021M (172M free)
TotalPageFile size 21206M (AvailPageFile size 47M)
current process WorkingSet (physical memory assigned to process): 9M, peak: 9M
current process commit charge ("private bytes"): 59M, peak: 155M

vm_info: OpenJDK 64-Bit Server VM (11.0.10+0-b96-7249189) for windows-amd64 JRE (11.0.10+0-b96-7249189), built on Mar 31 2021 21:44:00 by "builder" with MS VC++ 14.0 (VS2015)

END.
