#
# There is insufficient memory for the Java Runtime Environment to continue.
# Native memory allocation (malloc) failed to allocate 1134896 bytes for Chunk::new
# Possible reasons:
#   The system is out of physical RAM or swap space
#   The process is running with CompressedOops enabled, and the Java Heap may be blocking the growth of the native heap
# Possible solutions:
#   Reduce memory load on the system
#   Increase physical memory or swap space
#   Check if swap backing store is full
#   Decrease Java heap size (-Xmx/-Xms)
#   Decrease number of Java threads
#   Decrease Java thread stack sizes (-Xss)
#   Set larger code cache with -XX:ReservedCodeCacheSize=
#   JVM is running with Unscaled Compressed Oops mode in which the Java heap is
#     placed in the first 4GB address space. The Java Heap base address is the
#     maximum limit for the native heap growth. Please use -XX:HeapBaseMinAddress
#     to set the Java Heap base and to place the Java Heap above 4GB virtual address.
# This output file may be truncated or incomplete.
#
#  Out of Memory Error (allocation.cpp:389), pid=12668, tid=0x0000000000003e64
#
# JRE version: Java(TM) SE Runtime Environment (8.0_281-b09) (build 1.8.0_281-b09)
# Java VM: Java HotSpot(TM) 64-Bit Server VM (25.281-b09 mixed mode windows-amd64 compressed oops)
# Failed to write core dump. Minidumps are not enabled by default on client versions of Windows
#

---------------  T H R E A D  ---------------

Current thread (0x0000023b9fe63800):  JavaThread "C2 CompilerThread1" daemon [_thread_in_native, id=15972, stack(0x000000d7a6800000,0x000000d7a6900000)]

Stack: [0x000000d7a6800000,0x000000d7a6900000]
Native frames: (J=compiled Java code, j=interpreted, Vv=VM code, C=native code)
V  [jvm.dll+0x32e5b9]


Current CompileTask:
C2: 346331 19499       4       com.android.tools.r8.code.x1::a (4137 bytes)


---------------  P R O C E S S  ---------------

Java Threads: ( => current thread )
  0x0000023baeea6800 JavaThread "stdout" [_thread_in_native, id=12624, stack(0x000000d7b0c00000,0x000000d7b0d00000)]
  0x0000023baeea5800 JavaThread "stderr" [_thread_in_native, id=8508, stack(0x000000d7b0b00000,0x000000d7b0c00000)]
  0x0000023baee98000 JavaThread "pool-11-thread-1" [_thread_blocked, id=8108, stack(0x000000d7aff00000,0x000000d7b0000000)]
  0x0000023baeea5000 JavaThread "ForkJoinPool-1-worker-0" daemon [_thread_in_Java, id=4848, stack(0x000000d7b0a00000,0x000000d7b0b00000)]
  0x0000023baee9f000 JavaThread "ForkJoinPool-1-worker-7" daemon [_thread_in_Java, id=10872, stack(0x000000d7b0900000,0x000000d7b0a00000)]
  0x0000023baeea4000 JavaThread "ForkJoinPool-1-worker-6" daemon [_thread_in_Java, id=15428, stack(0x000000d7b0800000,0x000000d7b0900000)]
  0x0000023baeea2800 JavaThread "ForkJoinPool-1-worker-5" daemon [_thread_in_Java, id=2468, stack(0x000000d7b0700000,0x000000d7b0800000)]
  0x0000023baeea3800 JavaThread "ForkJoinPool-1-worker-4" daemon [_thread_in_Java, id=11856, stack(0x000000d7b0600000,0x000000d7b0700000)]
  0x0000023baee9b000 JavaThread "ForkJoinPool-1-worker-3" daemon [_thread_in_Java, id=12784, stack(0x000000d7b0500000,0x000000d7b0600000)]
  0x0000023baeea2000 JavaThread "ForkJoinPool-1-worker-2" daemon [_thread_in_Java, id=3788, stack(0x000000d7b0400000,0x000000d7b0500000)]
  0x0000023baeea0800 JavaThread "ForkJoinPool-1-worker-1" daemon [_thread_in_Java, id=1300, stack(0x000000d7afe00000,0x000000d7aff00000)]
  0x0000023baee97800 JavaThread "WorkerExecutor Queue Thread 9" [_thread_blocked, id=8464, stack(0x000000d7b0300000,0x000000d7b0400000)]
  0x0000023baee9d800 JavaThread "WorkerExecutor Queue Thread 8" [_thread_blocked, id=8016, stack(0x000000d7b0200000,0x000000d7b0300000)]
  0x0000023baee9c000 JavaThread "WorkerExecutor Queue Thread 7" [_thread_blocked, id=7476, stack(0x000000d7b0100000,0x000000d7b0200000)]
  0x0000023baee9c800 JavaThread "WorkerExecutor Queue Thread 6" [_thread_blocked, id=5628, stack(0x000000d7b0000000,0x000000d7b0100000)]
  0x0000023baee9a800 JavaThread "WorkerExecutor Queue Thread 3" [_thread_blocked, id=12496, stack(0x000000d7afd00000,0x000000d7afe00000)]
  0x0000023baee99800 JavaThread "WorkerExecutor Queue Thread 2" [_thread_blocked, id=10900, stack(0x000000d7afc00000,0x000000d7afd00000)]
  0x0000023baee99000 JavaThread "WorkerExecutor Queue" [_thread_blocked, id=4932, stack(0x000000d7afb00000,0x000000d7afc00000)]
  0x0000023baee9e000 JavaThread "Cache worker for execution history cache (E:\AndroidStudioProjects\MyApplication\.gradle\6.7.1\executionHistory)" [_thread_blocked, id=4200, stack(0x000000d7afa00000,0x000000d7afb00000)]
  0x0000023bab4ec800 JavaThread "Execution worker for ':' Thread 7" [_thread_blocked, id=15604, stack(0x000000d7af900000,0x000000d7afa00000)]
  0x0000023bab4eb800 JavaThread "Execution worker for ':' Thread 6" [_thread_blocked, id=3840, stack(0x000000d7af800000,0x000000d7af900000)]
  0x0000023bab4e8800 JavaThread "Execution worker for ':' Thread 5" [_thread_blocked, id=14628, stack(0x000000d7af700000,0x000000d7af800000)]
  0x0000023bab4ef800 JavaThread "Execution worker for ':' Thread 4" [_thread_blocked, id=4128, stack(0x000000d7af600000,0x000000d7af700000)]
  0x0000023bab4e8000 JavaThread "Execution worker for ':' Thread 3" [_thread_blocked, id=3288, stack(0x000000d7af300000,0x000000d7af400000)]
  0x0000023bab4eb000 JavaThread "Execution worker for ':' Thread 2" [_thread_blocked, id=11908, stack(0x000000d7af100000,0x000000d7af200000)]
  0x0000023bab4ee800 JavaThread "Execution worker for ':'" [_thread_blocked, id=11760, stack(0x000000d7af000000,0x000000d7af100000)]
  0x0000023bab4ea000 JavaThread "build event listener" [_thread_blocked, id=3468, stack(0x000000d7aef00000,0x000000d7af000000)]
  0x0000023bab4e9800 JavaThread "pool-10-thread-1" [_thread_blocked, id=9656, stack(0x000000d7aee00000,0x000000d7aef00000)]
  0x0000023bab4ee000 JavaThread "build event listener" [_thread_blocked, id=7892, stack(0x000000d7aed00000,0x000000d7aee00000)]
  0x0000023bab4e3800 JavaThread "jar transforms Thread 206" [_thread_blocked, id=5784, stack(0x000000d7aec00000,0x000000d7aed00000)]
  0x0000023bab4e0800 JavaThread "jar transforms Thread 205" [_thread_blocked, id=11400, stack(0x000000d7aeb00000,0x000000d7aec00000)]
  0x0000023bab4e1000 JavaThread "jar transforms Thread 204" [_thread_blocked, id=3156, stack(0x000000d7aea00000,0x000000d7aeb00000)]
  0x0000023bab4e2000 JavaThread "jar transforms Thread 203" [_thread_blocked, id=13404, stack(0x000000d7ae900000,0x000000d7aea00000)]
  0x0000023bab4e5800 JavaThread "jar transforms Thread 202" [_thread_blocked, id=15880, stack(0x000000d7ae800000,0x000000d7ae900000)]
  0x0000023bab4e2800 JavaThread "jar transforms Thread 201" [_thread_blocked, id=10632, stack(0x000000d7ae700000,0x000000d7ae800000)]
  0x0000023bab4e6800 JavaThread "jar transforms Thread 200" [_thread_blocked, id=15096, stack(0x000000d7ae600000,0x000000d7ae700000)]
  0x0000023bab4e5000 JavaThread "jar transforms Thread 199" [_thread_blocked, id=4512, stack(0x000000d7ae500000,0x000000d7ae600000)]
  0x0000023bab4e7000 JavaThread "jar transforms Thread 198" [_thread_blocked, id=12388, stack(0x000000d7ae400000,0x000000d7ae500000)]
  0x0000023bab4e4000 JavaThread "jar transforms Thread 197" [_thread_blocked, id=11052, stack(0x000000d7ae300000,0x000000d7ae400000)]
  0x0000023bab311800 JavaThread "jar transforms Thread 196" [_thread_blocked, id=5804, stack(0x000000d7ae200000,0x000000d7ae300000)]
  0x0000023bab310800 JavaThread "jar transforms Thread 195" [_thread_blocked, id=2952, stack(0x000000d7ae100000,0x000000d7ae200000)]
  0x0000023bab317800 JavaThread "jar transforms Thread 194" [_thread_blocked, id=6088, stack(0x000000d7ae000000,0x000000d7ae100000)]
  0x0000023bab313000 JavaThread "jar transforms Thread 193" [_thread_blocked, id=7196, stack(0x000000d7adf00000,0x000000d7ae000000)]
  0x0000023bab315000 JavaThread "jar transforms Thread 192" [_thread_blocked, id=12412, stack(0x000000d7ade00000,0x000000d7adf00000)]
  0x0000023bab316000 JavaThread "jar transforms Thread 191" [_thread_blocked, id=14368, stack(0x000000d7add00000,0x000000d7ade00000)]
  0x0000023bab313800 JavaThread "jar transforms Thread 190" [_thread_blocked, id=14852, stack(0x000000d7adc00000,0x000000d7add00000)]
  0x0000023bab316800 JavaThread "jar transforms Thread 189" [_thread_blocked, id=13748, stack(0x000000d7adb00000,0x000000d7adc00000)]
  0x0000023bab312000 JavaThread "jar transforms Thread 188" [_thread_blocked, id=6252, stack(0x000000d7ada00000,0x000000d7adb00000)]
  0x0000023bab314800 JavaThread "jar transforms Thread 187" [_thread_blocked, id=3172, stack(0x000000d7ad900000,0x000000d7ada00000)]
  0x0000023bab309000 JavaThread "jar transforms Thread 186" [_thread_blocked, id=4616, stack(0x000000d7ad800000,0x000000d7ad900000)]
  0x0000023bab30d800 JavaThread "jar transforms Thread 185" [_thread_blocked, id=10208, stack(0x000000d7ad700000,0x000000d7ad800000)]
  0x0000023bab310000 JavaThread "jar transforms Thread 184" [_thread_blocked, id=4824, stack(0x000000d7ad600000,0x000000d7ad700000)]
  0x0000023bab30f000 JavaThread "jar transforms Thread 183" [_thread_blocked, id=11428, stack(0x000000d7ad500000,0x000000d7ad600000)]
  0x0000023bab30d000 JavaThread "jar transforms Thread 182" [_thread_blocked, id=14156, stack(0x000000d7ad400000,0x000000d7ad500000)]
  0x0000023bab30b800 JavaThread "jar transforms Thread 181" [_thread_blocked, id=7292, stack(0x000000d7ad300000,0x000000d7ad400000)]
  0x0000023bab30a000 JavaThread "jar transforms Thread 180" [_thread_blocked, id=13456, stack(0x000000d7ad200000,0x000000d7ad300000)]
  0x0000023bab308800 JavaThread "jar transforms Thread 179" [_thread_blocked, id=11708, stack(0x000000d7ad100000,0x000000d7ad200000)]
  0x0000023bab30e800 JavaThread "jar transforms Thread 178" [_thread_blocked, id=16264, stack(0x000000d7ad000000,0x000000d7ad100000)]
  0x0000023bab30c000 JavaThread "jar transforms Thread 177" [_thread_blocked, id=12108, stack(0x000000d7acf00000,0x000000d7ad000000)]
  0x0000023bab30a800 JavaThread "jar transforms Thread 176" [_thread_blocked, id=11156, stack(0x000000d7ace00000,0x000000d7acf00000)]
  0x0000023ba2422000 JavaThread "jar transforms Thread 175" [_thread_blocked, id=12276, stack(0x000000d7acd00000,0x000000d7ace00000)]
  0x0000023ba2428800 JavaThread "jar transforms Thread 174" [_thread_blocked, id=6264, stack(0x000000d7acc00000,0x000000d7acd00000)]
  0x0000023ba2428000 JavaThread "jar transforms Thread 173" [_thread_blocked, id=9692, stack(0x000000d7acb00000,0x000000d7acc00000)]
  0x0000023ba2427000 JavaThread "jar transforms Thread 172" [_thread_blocked, id=10348, stack(0x000000d7aca00000,0x000000d7acb00000)]
  0x0000023ba2425000 JavaThread "jar transforms Thread 171" [_thread_blocked, id=8052, stack(0x000000d7ac900000,0x000000d7aca00000)]
  0x0000023ba2426800 JavaThread "jar transforms Thread 170" [_thread_blocked, id=10920, stack(0x000000d7ac800000,0x000000d7ac900000)]
  0x0000023ba2425800 JavaThread "jar transforms Thread 169" [_thread_blocked, id=8312, stack(0x000000d7ac700000,0x000000d7ac800000)]
  0x0000023ba2424000 JavaThread "jar transforms Thread 168" [_thread_blocked, id=9724, stack(0x000000d7ac600000,0x000000d7ac700000)]
  0x0000023ba2422800 JavaThread "jar transforms Thread 167" [_thread_blocked, id=13924, stack(0x000000d7ac500000,0x000000d7ac600000)]
  0x0000023ba2423800 JavaThread "jar transforms Thread 166" [_thread_blocked, id=6968, stack(0x000000d7ac400000,0x000000d7ac500000)]
  0x0000023ba5b80800 JavaThread "jar transforms Thread 165" [_thread_blocked, id=10372, stack(0x000000d7ac300000,0x000000d7ac400000)]
  0x0000023ba5b85800 JavaThread "jar transforms Thread 164" [_thread_blocked, id=2472, stack(0x000000d7ac200000,0x000000d7ac300000)]
  0x0000023ba5b85000 JavaThread "jar transforms Thread 163" [_thread_blocked, id=7152, stack(0x000000d7ac100000,0x000000d7ac200000)]
  0x0000023ba5b82000 JavaThread "jar transforms Thread 162" [_thread_blocked, id=9944, stack(0x000000d7ac000000,0x000000d7ac100000)]
  0x0000023ba5b82800 JavaThread "jar transforms Thread 161" [_thread_blocked, id=15284, stack(0x000000d7abf00000,0x000000d7ac000000)]
  0x0000023ba5b87000 JavaThread "jar transforms Thread 160" [_thread_blocked, id=2464, stack(0x000000d7abe00000,0x000000d7abf00000)]
  0x0000023ba5b81000 JavaThread "jar transforms Thread 159" [_thread_blocked, id=15232, stack(0x000000d7abd00000,0x000000d7abe00000)]
  0x0000023ba5b86800 JavaThread "jar transforms Thread 158" [_thread_blocked, id=14444, stack(0x000000d7abc00000,0x000000d7abd00000)]
  0x0000023ba5b83800 JavaThread "jar transforms Thread 157" [_thread_blocked, id=13516, stack(0x000000d7abb00000,0x000000d7abc00000)]
  0x0000023ba5b84000 JavaThread "jar transforms Thread 156" [_thread_blocked, id=9452, stack(0x000000d7aba00000,0x000000d7abb00000)]
  0x0000023ba6a05800 JavaThread "jar transforms Thread 155" [_thread_blocked, id=3132, stack(0x000000d7ab900000,0x000000d7aba00000)]
  0x0000023ba6a02800 JavaThread "jar transforms Thread 154" [_thread_blocked, id=4344, stack(0x000000d7ab800000,0x000000d7ab900000)]
  0x0000023ba6a04000 JavaThread "jar transforms Thread 153" [_thread_blocked, id=2508, stack(0x000000d7ab700000,0x000000d7ab800000)]
  0x0000023ba6a03000 JavaThread "jar transforms Thread 152" [_thread_blocked, id=15820, stack(0x000000d7ab600000,0x000000d7ab700000)]
  0x0000023ba6a01800 JavaThread "jar transforms Thread 151" [_thread_blocked, id=4884, stack(0x000000d7ab500000,0x000000d7ab600000)]
  0x0000023ba69ff800 JavaThread "jar transforms Thread 150" [_thread_blocked, id=13304, stack(0x000000d7ab400000,0x000000d7ab500000)]
  0x0000023ba69fe800 JavaThread "jar transforms Thread 149" [_thread_blocked, id=13972, stack(0x000000d7ab300000,0x000000d7ab400000)]
  0x0000023ba6a04800 JavaThread "jar transforms Thread 148" [_thread_blocked, id=3024, stack(0x000000d7ab200000,0x000000d7ab300000)]
  0x0000023ba6a01000 JavaThread "jar transforms Thread 147" [_thread_blocked, id=13388, stack(0x000000d7ab100000,0x000000d7ab200000)]
  0x0000023ba6a00000 JavaThread "jar transforms Thread 146" [_thread_blocked, id=15524, stack(0x000000d7ab000000,0x000000d7ab100000)]
  0x0000023ba321a800 JavaThread "jar transforms Thread 145" [_thread_blocked, id=14440, stack(0x000000d7aaf00000,0x000000d7ab000000)]
  0x0000023ba321c800 JavaThread "jar transforms Thread 144" [_thread_blocked, id=9888, stack(0x000000d7aae00000,0x000000d7aaf00000)]
  0x0000023ba3219800 JavaThread "jar transforms Thread 143" [_thread_blocked, id=1540, stack(0x000000d7aad00000,0x000000d7aae00000)]
  0x0000023ba3219000 JavaThread "jar transforms Thread 142" [_thread_blocked, id=12200, stack(0x000000d7aac00000,0x000000d7aad00000)]
  0x0000023ba3218000 JavaThread "jar transforms Thread 141" [_thread_blocked, id=3168, stack(0x000000d7aab00000,0x000000d7aac00000)]
  0x0000023ba3a8c800 JavaThread "jar transforms Thread 140" [_thread_blocked, id=7128, stack(0x000000d7aaa00000,0x000000d7aab00000)]
  0x0000023ba3a8e000 JavaThread "jar transforms Thread 139" [_thread_blocked, id=6472, stack(0x000000d7aa900000,0x000000d7aaa00000)]
  0x0000023ba3a8c000 JavaThread "jar transforms Thread 138" [_thread_blocked, id=6536, stack(0x000000d7aa800000,0x000000d7aa900000)]
  0x0000023ba3a8d800 JavaThread "jar transforms Thread 137" [_thread_blocked, id=4864, stack(0x000000d7aa700000,0x000000d7aa800000)]
  0x0000023ba3a8b000 JavaThread "jar transforms Thread 136" [_thread_blocked, id=10728, stack(0x000000d7aa600000,0x000000d7aa700000)]
  0x0000023ba3a88000 JavaThread "jar transforms Thread 135" [_thread_blocked, id=11656, stack(0x000000d7aa500000,0x000000d7aa600000)]
  0x0000023ba3a8a800 JavaThread "jar transforms Thread 134" [_thread_blocked, id=7396, stack(0x000000d7aa400000,0x000000d7aa500000)]
  0x0000023ba3a89800 JavaThread "jar transforms Thread 133" [_thread_blocked, id=15984, stack(0x000000d7aa300000,0x000000d7aa400000)]
  0x0000023ba3a80000 JavaThread "jar transforms Thread 132" [_thread_blocked, id=13412, stack(0x000000d7aa200000,0x000000d7aa300000)]
  0x0000023ba3a86800 JavaThread "jar transforms Thread 131" [_thread_blocked, id=8788, stack(0x000000d7aa100000,0x000000d7aa200000)]
  0x0000023ba3a7f000 JavaThread "jar transforms Thread 130" [_thread_blocked, id=6436, stack(0x000000d7aa000000,0x000000d7aa100000)]
  0x0000023ba3a83000 JavaThread "jar transforms Thread 129" [_thread_blocked, id=1036, stack(0x000000d7a9f00000,0x000000d7aa000000)]
  0x0000023ba3a80800 JavaThread "jar transforms Thread 128" [_thread_blocked, id=13420, stack(0x000000d7a9e00000,0x000000d7a9f00000)]
  0x0000023ba3a86000 JavaThread "jar transforms Thread 127" [_thread_blocked, id=13416, stack(0x000000d7a9d00000,0x000000d7a9e00000)]
  0x0000023ba3a84800 JavaThread "jar transforms Thread 126" [_thread_blocked, id=2672, stack(0x000000d7a9c00000,0x000000d7a9d00000)]
  0x0000023ba3a85000 JavaThread "jar transforms Thread 125" [_thread_blocked, id=13512, stack(0x000000d7a9b00000,0x000000d7a9c00000)]
  0x0000023ba3a83800 JavaThread "jar transforms Thread 124" [_thread_blocked, id=15704, stack(0x000000d7a9a00000,0x000000d7a9b00000)]
  0x0000023ba3a82000 JavaThread "jar transforms Thread 123" [_thread_blocked, id=9776, stack(0x000000d7a9900000,0x000000d7a9a00000)]
  0x0000023ba31f6800 JavaThread "jar transforms Thread 122" [_thread_blocked, id=13400, stack(0x000000d7a9800000,0x000000d7a9900000)]
  0x0000023ba31f8000 JavaThread "jar transforms Thread 121" [_thread_blocked, id=7428, stack(0x000000d7a9700000,0x000000d7a9800000)]
  0x0000023ba31f4800 JavaThread "jar transforms Thread 120" [_thread_blocked, id=8684, stack(0x000000d7a9600000,0x000000d7a9700000)]
  0x0000023ba31fb000 JavaThread "jar transforms Thread 119" [_thread_blocked, id=10124, stack(0x000000d7a9500000,0x000000d7a9600000)]
  0x0000023ba31f5800 JavaThread "jar transforms Thread 118" [_thread_blocked, id=14712, stack(0x000000d7a9400000,0x000000d7a9500000)]
  0x0000023ba31f7000 JavaThread "jar transforms Thread 117" [_thread_blocked, id=7676, stack(0x000000d7a9300000,0x000000d7a9400000)]
  0x0000023ba31f9800 JavaThread "jar transforms Thread 116" [_thread_blocked, id=11004, stack(0x000000d7a9200000,0x000000d7a9300000)]
  0x0000023ba31fa000 JavaThread "jar transforms Thread 115" [_thread_blocked, id=16004, stack(0x000000d7a9100000,0x000000d7a9200000)]
  0x0000023ba31fb800 JavaThread "jar transforms Thread 114" [_thread_blocked, id=1820, stack(0x000000d7a9000000,0x000000d7a9100000)]
  0x0000023ba31f8800 JavaThread "jar transforms Thread 113" [_thread_blocked, id=12520, stack(0x000000d7a8f00000,0x000000d7a9000000)]
  0x0000023ba31ed000 JavaThread "jar transforms Thread 112" [_thread_blocked, id=13444, stack(0x000000d7a8e00000,0x000000d7a8f00000)]
  0x0000023ba31ee000 JavaThread "jar transforms Thread 111" [_thread_blocked, id=16184, stack(0x000000d7a8d00000,0x000000d7a8e00000)]
  0x0000023ba31ef800 JavaThread "jar transforms Thread 110" [_thread_blocked, id=15760, stack(0x000000d7a8c00000,0x000000d7a8d00000)]
  0x0000023ba31f2800 JavaThread "jar transforms Thread 109" [_thread_blocked, id=11724, stack(0x000000d7a8b00000,0x000000d7a8c00000)]
  0x0000023ba31ee800 JavaThread "jar transforms Thread 108" [_thread_blocked, id=12768, stack(0x000000d7a8a00000,0x000000d7a8b00000)]
  0x0000023ba31f1800 JavaThread "jar transforms Thread 107" [_thread_blocked, id=6592, stack(0x000000d7a8900000,0x000000d7a8a00000)]
  0x0000023ba31f4000 JavaThread "jar transforms Thread 106" [_thread_blocked, id=6280, stack(0x000000d7a8800000,0x000000d7a8900000)]
  0x0000023ba31f3000 JavaThread "jar transforms Thread 105" [_thread_blocked, id=13968, stack(0x000000d7a8700000,0x000000d7a8800000)]
  0x0000023ba31f1000 JavaThread "jar transforms Thread 104" [_thread_blocked, id=14848, stack(0x000000d7a8600000,0x000000d7a8700000)]
  0x0000023ba34cc800 JavaThread "Build operations Thread 8" [_thread_blocked, id=15052, stack(0x000000d7a8500000,0x000000d7a8600000)]
  0x0000023ba34cc000 JavaThread "Build operations Thread 7" [_thread_blocked, id=12800, stack(0x000000d7a8400000,0x000000d7a8500000)]
  0x0000023ba34ca800 JavaThread "Build operations Thread 6" [_thread_blocked, id=12720, stack(0x000000d7a8300000,0x000000d7a8400000)]
  0x0000023ba34cb000 JavaThread "Build operations Thread 5" [_thread_blocked, id=9032, stack(0x000000d7a8100000,0x000000d7a8200000)]
  0x0000023ba34c2800 JavaThread "Build operations Thread 4" [_thread_blocked, id=7516, stack(0x000000d7a7f00000,0x000000d7a8000000)]
  0x0000023ba34c9800 JavaThread "Build operations Thread 3" [_thread_blocked, id=13008, stack(0x000000d7a7e00000,0x000000d7a7f00000)]
  0x0000023ba34c9000 JavaThread "Build operations Thread 2" [_thread_blocked, id=11592, stack(0x000000d7a7d00000,0x000000d7a7e00000)]
  0x0000023ba34c8000 JavaThread "Build operations" [_thread_blocked, id=264, stack(0x000000d7a7c00000,0x000000d7a7d00000)]
  0x0000023ba34c7800 JavaThread "Cache worker for Build Output Cleanup Cache (E:\AndroidStudioProjects\MyApplication\.gradle\buildOutputCleanup)" [_thread_blocked, id=7732, stack(0x000000d7a7800000,0x000000d7a7900000)]
  0x0000023ba34bf800 JavaThread "Cache worker for cache directory md-rule (C:\Users\ASDhull\.gradle\caches\6.7.1\md-rule)" [_thread_blocked, id=2872, stack(0x000000d7a7700000,0x000000d7a7800000)]
  0x0000023ba34c2000 JavaThread "Cache worker for cache directory md-supplier (C:\Users\ASDhull\.gradle\caches\6.7.1\md-supplier)" [_thread_blocked, id=13756, stack(0x000000d7a7600000,0x000000d7a7700000)]
  0x0000023ba34c6800 JavaThread "Cache worker for checksums cache (E:\AndroidStudioProjects\MyApplication\.gradle\checksums)" [_thread_blocked, id=12948, stack(0x000000d7a7500000,0x000000d7a7600000)]
  0x0000023ba34c6000 JavaThread "Cache worker for file hash cache (E:\AndroidStudioProjects\MyApplication\.gradle\6.7.1\fileHashes)" [_thread_blocked, id=4788, stack(0x000000d7a7400000,0x000000d7a7500000)]
  0x0000023ba34bf000 JavaThread "Thread-184" [_thread_blocked, id=14300, stack(0x000000d7a7300000,0x000000d7a7400000)]
  0x0000023ba34c1000 JavaThread "Stdin handler" [_thread_blocked, id=1228, stack(0x000000d7a7200000,0x000000d7a7300000)]
  0x0000023ba34c3800 JavaThread "Asynchronous log dispatcher for DefaultDaemonConnection: socket connection from /127.0.0.1:54313 to /127.0.0.1:54337" [_thread_blocked, id=8184, stack(0x000000d7a6f00000,0x000000d7a7000000)]
  0x0000023ba34c5000 JavaThread "Daemon worker Thread 2" [_thread_blocked, id=13368, stack(0x000000d7a6e00000,0x000000d7a6f00000)]
  0x0000023ba34be000 JavaThread "Cancel handler" [_thread_blocked, id=11852, stack(0x000000d7a5800000,0x000000d7a5900000)]
  0x0000023ba34c0800 JavaThread "Handler for socket connection from /127.0.0.1:54313 to /127.0.0.1:54337" [_thread_in_native, id=13072, stack(0x000000d7a5700000,0x000000d7a5800000)]
  0x0000023ba34c4800 JavaThread "Daemon Thread 2" [_thread_blocked, id=14264, stack(0x000000d7a5600000,0x000000d7a5700000)]
  0x0000023ba3a89000 JavaThread "pool-7-thread-1" [_thread_blocked, id=10160, stack(0x000000d7af500000,0x000000d7af600000)]
  0x0000023ba3a81800 JavaThread "pool-3-thread-1" [_thread_blocked, id=8728, stack(0x000000d7af400000,0x000000d7af500000)]
  0x0000023ba3a87800 JavaThread "Memory manager" [_thread_blocked, id=9948, stack(0x000000d7af200000,0x000000d7af300000)]
  0x0000023ba31ec800 JavaThread "Cache worker for file content cache (C:\Users\ASDhull\.gradle\caches\6.7.1\fileContent)" [_thread_blocked, id=9348, stack(0x000000d7a8200000,0x000000d7a8300000)]
  0x0000023ba321d800 JavaThread "Cache worker for execution history cache (C:\Users\ASDhull\.gradle\caches\6.7.1\executionHistory)" [_thread_blocked, id=13584, stack(0x000000d7a8000000,0x000000d7a8100000)]
  0x0000023ba3217800 JavaThread "Cache worker for journal cache (C:\Users\ASDhull\.gradle\caches\journal-1)" [_thread_blocked, id=11624, stack(0x000000d7a7b00000,0x000000d7a7c00000)]
  0x0000023ba3216800 JavaThread "File lock request listener" [_thread_in_native, id=16284, stack(0x000000d7a7a00000,0x000000d7a7b00000)]
  0x0000023ba321c000 JavaThread "Cache worker for file hash cache (C:\Users\ASDhull\.gradle\caches\6.7.1\fileHashes)" [_thread_blocked, id=11168, stack(0x000000d7a7900000,0x000000d7a7a00000)]
  0x0000023ba2e54000 JavaThread "Daemon periodic checks" [_thread_blocked, id=2816, stack(0x000000d7a7100000,0x000000d7a7200000)]
  0x0000023ba2e46800 JavaThread "Incoming local TCP Connector on port 54313" [_thread_in_native, id=14464, stack(0x000000d7a7000000,0x000000d7a7100000)]
  0x0000023ba2d7e000 JavaThread "Daemon health stats" [_thread_blocked, id=12692, stack(0x000000d7a6d00000,0x000000d7a6e00000)]
  0x0000023ba1218800 JavaThread "Service Thread" daemon [_thread_blocked, id=16080, stack(0x000000d7a6b00000,0x000000d7a6c00000)]
  0x0000023b9fe68800 JavaThread "C1 CompilerThread3" daemon [_thread_blocked, id=5620, stack(0x000000d7a6a00000,0x000000d7a6b00000)]
  0x0000023b9fe67800 JavaThread "C2 CompilerThread2" daemon [_thread_in_native, id=14932, stack(0x000000d7a6900000,0x000000d7a6a00000)]
=>0x0000023b9fe63800 JavaThread "C2 CompilerThread1" daemon [_thread_in_native, id=15972, stack(0x000000d7a6800000,0x000000d7a6900000)]
  0x0000023b9fe52000 JavaThread "C2 CompilerThread0" daemon [_thread_in_native, id=13888, stack(0x000000d7a6700000,0x000000d7a6800000)]
  0x0000023b9fe4e800 JavaThread "Attach Listener" daemon [_thread_blocked, id=452, stack(0x000000d7a6600000,0x000000d7a6700000)]
  0x0000023b9fe4d800 JavaThread "Signal Dispatcher" daemon [_thread_blocked, id=1316, stack(0x000000d7a6500000,0x000000d7a6600000)]
  0x0000023b9f239800 JavaThread "Finalizer" daemon [_thread_blocked, id=3900, stack(0x000000d7a6400000,0x000000d7a6500000)]
  0x0000023b9fe2a000 JavaThread "Reference Handler" daemon [_thread_blocked, id=16208, stack(0x000000d7a6300000,0x000000d7a6400000)]
  0x0000023b8921f000 JavaThread "main" [_thread_blocked, id=11924, stack(0x000000d7a5900000,0x000000d7a5a00000)]

Other Threads:
  0x0000023b9fe03800 VMThread [stack: 0x000000d7a6200000,0x000000d7a6300000] [id=12584]
  0x0000023b9fed9000 WatcherThread [stack: 0x000000d7a6c00000,0x000000d7a6d00000] [id=11836]

VM state:not at safepoint (normal execution)

VM Mutex/Monitor currently owned by a thread: None

heap address: 0x0000000080000000, size: 2048 MB, Compressed Oops mode: 32-bit
Narrow klass base: 0x0000000000000000, Narrow klass shift: 3
Compressed class space size: 1073741824 Address: 0x0000000100000000

Heap:
 PSYoungGen      total 358400K, used 282569K [0x00000000d5580000, 0x00000000f0d00000, 0x0000000100000000)
  eden space 325632K, 78% used [0x00000000d5580000,0x00000000e4f8cda0,0x00000000e9380000)
  from space 32768K, 80% used [0x00000000e9380000,0x00000000ead657f0,0x00000000eb380000)
  to   space 35328K, 0% used [0x00000000eea80000,0x00000000eea80000,0x00000000f0d00000)
 ParOldGen       total 210432K, used 93788K [0x0000000080000000, 0x000000008cd80000, 0x00000000d5580000)
  object space 210432K, 44% used [0x0000000080000000,0x0000000085b97120,0x000000008cd80000)
 Metaspace       used 94271K, capacity 99660K, committed 102528K, reserved 1136640K
  class space    used 12711K, capacity 13692K, committed 14464K, reserved 1048576K

Card table byte_map: [0x0000023b99e50000,0x0000023b9a260000] byte_map_base: 0x0000023b99a50000

Marking Bits: (ParMarkBitMap*) 0x000000005b7a6ff0
 Begin Bits: [0x0000023b9a510000, 0x0000023b9c510000)
 End Bits:   [0x0000023b9c510000, 0x0000023b9e510000)

Polling page: 0x0000023b891b0000

CodeCache: size=245760Kb used=54616Kb max_used=54618Kb free=191143Kb
 bounds [0x0000023b8aa90000, 0x0000023b8e030000, 0x0000023b99a90000]
 total_blobs=16392 nmethods=15533 adapters=769
 compilation: enabled

Compilation events (10 events):
Event: 345.823 Thread 0x0000023b9fe68800 nmethod 19510 0x0000023b8df7a090 code [0x0000023b8df7a1e0, 0x0000023b8df7a398]
Event: 345.832 Thread 0x0000023b9fe68800 19511       3       com.android.tools.r8.graph.s1::a (26 bytes)
Event: 345.833 Thread 0x0000023b9fe68800 nmethod 19511 0x0000023b8db6cf10 code [0x0000023b8db6d080, 0x0000023b8db6d458]
Event: 345.833 Thread 0x0000023b9fe68800 19512       3       com.android.tools.r8.graph.s1::b (26 bytes)
Event: 345.834 Thread 0x0000023b9fe68800 nmethod 19512 0x0000023b8db63550 code [0x0000023b8db636c0, 0x0000023b8db63a98]
Event: 345.853 Thread 0x0000023b9fe68800 19513       3       com.android.tools.r8.dex.n$$Lambda$1880/888424606::get (4 bytes)
Event: 345.853 Thread 0x0000023b9fe68800 nmethod 19513 0x0000023b8db63190 code [0x0000023b8db63300, 0x0000023b8db634b8]
Event: 345.894 Thread 0x0000023b9fe67800 19514       4       com.android.tools.r8.graph.f0::c (62 bytes)
Event: 345.908 Thread 0x0000023b9fe67800 nmethod 19514 0x0000023b8db5eed0 code [0x0000023b8db5f040, 0x0000023b8db5f6b8]
Event: 345.908 Thread 0x0000023b9fe67800 19515       4       com.android.tools.r8.dex.n::i (798 bytes)

GC Heap History (10 events):
Event: 24.545 GC heap before
{Heap before GC invocations=23 (full 3):
 PSYoungGen      total 293376K, used 248079K [0x00000000d5580000, 0x00000000eb400000, 0x0000000100000000)
  eden space 264192K, 88% used [0x00000000d5580000,0x00000000e3ae28d0,0x00000000e5780000)
  from space 29184K, 45% used [0x00000000e5780000,0x00000000e6461658,0x00000000e7400000)
  to   space 27648K, 0% used [0x00000000e9900000,0x00000000e9900000,0x00000000eb400000)
 ParOldGen       total 118784K, used 91327K [0x0000000080000000, 0x0000000087400000, 0x00000000d5580000)
  object space 118784K, 76% used [0x0000000080000000,0x000000008592fcc8,0x0000000087400000)
 Metaspace       used 91509K, capacity 98552K, committed 98600K, reserved 1134592K
  class space    used 12900K, capacity 14206K, committed 14208K, reserved 1048576K
Event: 24.580 GC heap after
Heap after GC invocations=23 (full 3):
 PSYoungGen      total 323584K, used 27642K [0x00000000d5580000, 0x00000000ebf00000, 0x0000000100000000)
  eden space 295936K, 0% used [0x00000000d5580000,0x00000000d5580000,0x00000000e7680000)
  from space 27648K, 99% used [0x00000000e9900000,0x00000000eb3fe8a8,0x00000000eb400000)
  to   space 35328K, 0% used [0x00000000e7680000,0x00000000e7680000,0x00000000e9900000)
 ParOldGen       total 118784K, used 101180K [0x0000000080000000, 0x0000000087400000, 0x00000000d5580000)
  object space 118784K, 85% used [0x0000000080000000,0x00000000862cf298,0x0000000087400000)
 Metaspace       used 91509K, capacity 98552K, committed 98600K, reserved 1134592K
  class space    used 12900K, capacity 14206K, committed 14208K, reserved 1048576K
}
Event: 24.580 GC heap before
{Heap before GC invocations=24 (full 4):
 PSYoungGen      total 323584K, used 27642K [0x00000000d5580000, 0x00000000ebf00000, 0x0000000100000000)
  eden space 295936K, 0% used [0x00000000d5580000,0x00000000d5580000,0x00000000e7680000)
  from space 27648K, 99% used [0x00000000e9900000,0x00000000eb3fe8a8,0x00000000eb400000)
  to   space 35328K, 0% used [0x00000000e7680000,0x00000000e7680000,0x00000000e9900000)
 ParOldGen       total 118784K, used 101180K [0x0000000080000000, 0x0000000087400000, 0x00000000d5580000)
  object space 118784K, 85% used [0x0000000080000000,0x00000000862cf298,0x0000000087400000)
 Metaspace       used 91509K, capacity 98552K, committed 98600K, reserved 1134592K
  class space    used 12900K, capacity 14206K, committed 14208K, reserved 1048576K
Event: 24.803 GC heap after
Heap after GC invocations=24 (full 4):
 PSYoungGen      total 323584K, used 0K [0x00000000d5580000, 0x00000000ebf00000, 0x0000000100000000)
  eden space 295936K, 0% used [0x00000000d5580000,0x00000000d5580000,0x00000000e7680000)
  from space 27648K, 0% used [0x00000000e9900000,0x00000000e9900000,0x00000000eb400000)
  to   space 35328K, 0% used [0x00000000e7680000,0x00000000e7680000,0x00000000e9900000)
 ParOldGen       total 210432K, used 93764K [0x0000000080000000, 0x000000008cd80000, 0x00000000d5580000)
  object space 210432K, 44% used [0x0000000080000000,0x0000000085b91120,0x000000008cd80000)
 Metaspace       used 90089K, capacity 95072K, committed 98600K, reserved 1134592K
  class space    used 12390K, capacity 13330K, committed 14208K, reserved 1048576K
}
Event: 43.600 GC heap before
{Heap before GC invocations=25 (full 4):
 PSYoungGen      total 323584K, used 295936K [0x00000000d5580000, 0x00000000ebf00000, 0x0000000100000000)
  eden space 295936K, 100% used [0x00000000d5580000,0x00000000e7680000,0x00000000e7680000)
  from space 27648K, 0% used [0x00000000e9900000,0x00000000e9900000,0x00000000eb400000)
  to   space 35328K, 0% used [0x00000000e7680000,0x00000000e7680000,0x00000000e9900000)
 ParOldGen       total 210432K, used 93764K [0x0000000080000000, 0x000000008cd80000, 0x00000000d5580000)
  object space 210432K, 44% used [0x0000000080000000,0x0000000085b91120,0x000000008cd80000)
 Metaspace       used 91504K, capacity 96592K, committed 100008K, reserved 1134592K
  class space    used 12471K, capacity 13432K, committed 14336K, reserved 1048576K
Event: 43.626 GC heap after
Heap after GC invocations=25 (full 4):
 PSYoungGen      total 331264K, used 11856K [0x00000000d5580000, 0x00000000edc00000, 0x0000000100000000)
  eden space 295936K, 0% used [0x00000000d5580000,0x00000000d5580000,0x00000000e7680000)
  from space 35328K, 33% used [0x00000000e7680000,0x00000000e82142d8,0x00000000e9900000)
  to   space 33792K, 0% used [0x00000000ebb00000,0x00000000ebb00000,0x00000000edc00000)
 ParOldGen       total 210432K, used 93772K [0x0000000080000000, 0x000000008cd80000, 0x00000000d5580000)
  object space 210432K, 44% used [0x0000000080000000,0x0000000085b93120,0x000000008cd80000)
 Metaspace       used 91504K, capacity 96592K, committed 100008K, reserved 1134592K
  class space    used 12471K, capacity 13432K, committed 14336K, reserved 1048576K
}
Event: 335.537 GC heap before
{Heap before GC invocations=26 (full 4):
 PSYoungGen      total 331264K, used 307792K [0x00000000d5580000, 0x00000000edc00000, 0x0000000100000000)
  eden space 295936K, 100% used [0x00000000d5580000,0x00000000e7680000,0x00000000e7680000)
  from space 35328K, 33% used [0x00000000e7680000,0x00000000e82142d8,0x00000000e9900000)
  to   space 33792K, 0% used [0x00000000ebb00000,0x00000000ebb00000,0x00000000edc00000)
 ParOldGen       total 210432K, used 93772K [0x0000000080000000, 0x000000008cd80000, 0x00000000d5580000)
  object space 210432K, 44% used [0x0000000080000000,0x0000000085b93120,0x000000008cd80000)
 Metaspace       used 92075K, capacity 97244K, committed 100608K, reserved 1136640K
  class space    used 12494K, capacity 13454K, committed 14336K, reserved 1048576K
Event: 335.656 GC heap after
Heap after GC invocations=26 (full 4):
 PSYoungGen      total 350720K, used 9856K [0x00000000d5580000, 0x00000000ed380000, 0x0000000100000000)
  eden space 325632K, 0% used [0x00000000d5580000,0x00000000d5580000,0x00000000e9380000)
  from space 25088K, 39% used [0x00000000ebb00000,0x00000000ec4a0010,0x00000000ed380000)
  to   space 32768K, 0% used [0x00000000e9380000,0x00000000e9380000,0x00000000eb380000)
 ParOldGen       total 210432K, used 93780K [0x0000000080000000, 0x000000008cd80000, 0x00000000d5580000)
  object space 210432K, 44% used [0x0000000080000000,0x0000000085b95120,0x000000008cd80000)
 Metaspace       used 92075K, capacity 97244K, committed 100608K, reserved 1136640K
  class space    used 12494K, capacity 13454K, committed 14336K, reserved 1048576K
}
Event: 341.742 GC heap before
{Heap before GC invocations=27 (full 4):
 PSYoungGen      total 350720K, used 335488K [0x00000000d5580000, 0x00000000ed380000, 0x0000000100000000)
  eden space 325632K, 100% used [0x00000000d5580000,0x00000000e9380000,0x00000000e9380000)
  from space 25088K, 39% used [0x00000000ebb00000,0x00000000ec4a0010,0x00000000ed380000)
  to   space 32768K, 0% used [0x00000000e9380000,0x00000000e9380000,0x00000000eb380000)
 ParOldGen       total 210432K, used 93780K [0x0000000080000000, 0x000000008cd80000, 0x00000000d5580000)
  object space 210432K, 44% used [0x0000000080000000,0x0000000085b95120,0x000000008cd80000)
 Metaspace       used 93586K, capacity 98896K, committed 102016K, reserved 1136640K
  class space    used 12655K, capacity 13624K, committed 14464K, reserved 1048576K
Event: 342.000 GC heap after
Heap after GC invocations=27 (full 4):
 PSYoungGen      total 358400K, used 26517K [0x00000000d5580000, 0x00000000f0d00000, 0x0000000100000000)
  eden space 325632K, 0% used [0x00000000d5580000,0x00000000d5580000,0x00000000e9380000)
  from space 32768K, 80% used [0x00000000e9380000,0x00000000ead657f0,0x00000000eb380000)
  to   space 35328K, 0% used [0x00000000eea80000,0x00000000eea80000,0x00000000f0d00000)
 ParOldGen       total 210432K, used 93788K [0x0000000080000000, 0x000000008cd80000, 0x00000000d5580000)
  object space 210432K, 44% used [0x0000000080000000,0x0000000085b97120,0x000000008cd80000)
 Metaspace       used 93586K, capacity 98896K, committed 102016K, reserved 1136640K
  class space    used 12655K, capacity 13624K, committed 14464K, reserved 1048576K
}

Deoptimization events (10 events):
Event: 342.301 Thread 0x0000023baee99800 Uncommon trap: reason=unstable_if action=reinterpret pc=0x0000023b8cbef820 method=com.android.tools.r8.graph.q0.a([C)I @ 44
Event: 342.739 Thread 0x0000023baee99800 Uncommon trap: reason=unstable_if action=reinterpret pc=0x0000023b8c46d698 method=com.android.tools.r8.utils.a0.d(I)Z @ 45
Event: 342.907 Thread 0x0000023bab4eb800 Uncommon trap: reason=bimorphic action=maybe_recompile pc=0x0000023b8b64c93c method=org.gradle.api.internal.artifacts.ivyservice.resolveengine.graph.builder.NodeState.getResolvedVariant()Lorg/gradle/api/artifacts/result/ResolvedVariantResult; @ 16
Event: 343.764 Thread 0x0000023bab4eb800 Uncommon trap: reason=unstable_if action=reinterpret pc=0x0000023b8dad80d0 method=com.google.common.collect.RegularImmutableSortedSet.indexOf(Ljava/lang/Object;)I @ 26
Event: 343.766 Thread 0x0000023bab4eb800 Uncommon trap: reason=unstable_if action=reinterpret pc=0x0000023b8bfa03f0 method=org.gradle.internal.snapshot.impl.AbstractScalarValueSnapshot.equals(Ljava/lang/Object;)Z @ 19
Event: 343.843 Thread 0x0000023baee99800 Uncommon trap: reason=unstable_if action=reinterpret pc=0x0000023b8de0c558 method=com.android.tools.r8.graph.o0.c(Ljava/lang/Object;)Z @ 51
Event: 343.907 Thread 0x0000023baeea3800 Uncommon trap: reason=unstable_if action=reinterpret pc=0x0000023b8de55934 method=com.android.tools.r8.graph.l0.c(Ljava/lang/Object;)Z @ 37
Event: 344.633 Thread 0x0000023baeea2000 Uncommon trap: reason=unloaded action=reinterpret pc=0x0000023b8df36d1c method=com.android.tools.r8.code.x1.a(Ljava/nio/ShortBuffer;IILcom/android/tools/r8/graph/D1;)[Lcom/android/tools/r8/code/w1; @ 2834
Event: 345.688 Thread 0x0000023baeea4000 Uncommon trap: reason=unloaded action=reinterpret pc=0x0000023b8dfc585c method=com.android.tools.r8.code.x1.a(Ljava/nio/ShortBuffer;IILcom/android/tools/r8/graph/D1;)[Lcom/android/tools/r8/code/w1; @ 3614
Event: 345.719 Thread 0x0000023baeea4000 Uncommon trap: reason=unstable_if action=reinterpret pc=0x0000023b8b0df0c8 method=com.android.tools.r8.dex.n.i()Lcom/android/tools/r8/graph/t0; @ 43

Classes redefined (0 events):
No events

Internal exceptions (10 events):
Event: 44.493 Thread 0x0000023ba31f1000 Exception <a 'sun/nio/fs/WindowsException'> (0x00000000dfbb83e0) thrown at [C:\jenkins\workspace\8-2-build-windows-amd64-cygwin\jdk8u281\880\hotspot\src\share\vm\prims\jni.cpp, line 710]
Event: 335.188 Thread 0x0000023ba34c5000 Exception <a 'sun/nio/fs/WindowsException'> (0x00000000e6c923a0) thrown at [C:\jenkins\workspace\8-2-build-windows-amd64-cygwin\jdk8u281\880\hotspot\src\share\vm\prims\jni.cpp, line 710]
Event: 335.331 Thread 0x0000023ba34c5000 Exception <a 'sun/nio/fs/WindowsException'> (0x00000000e704dae8) thrown at [C:\jenkins\workspace\8-2-build-windows-amd64-cygwin\jdk8u281\880\hotspot\src\share\vm\prims\jni.cpp, line 710]
Event: 338.699 Thread 0x0000023bab4eb800 Implicit null exception at 0x0000023b8b26ade2 to 0x0000023b8b26b305
Event: 338.700 Thread 0x0000023bab4eb800 Implicit null exception at 0x0000023b8ad07a96 to 0x0000023b8ad07e21
Event: 339.616 Thread 0x0000023bab4eb800 Exception <a 'java/lang/NoSuchMethodError': java.lang.Object.lambda$comparingByKey$bbdbfea9$1(Ljava/util/Map$Entry;Ljava/util/Map$Entry;)I> (0x00000000e186a6d8) thrown at [C:\jenkins\workspace\8-2-build-windows-amd64-cygwin\jdk8u281\880\hotspot\src\share\
Event: 342.181 Thread 0x0000023baee99800 Exception <a 'sun/nio/fs/WindowsException'> (0x00000000d693d0a0) thrown at [C:\jenkins\workspace\8-2-build-windows-amd64-cygwin\jdk8u281\880\hotspot\src\share\vm\prims\jni.cpp, line 710]
Event: 343.806 Thread 0x0000023bab4eb800 Exception <a 'sun/nio/fs/WindowsException'> (0x00000000dfb8d718) thrown at [C:\jenkins\workspace\8-2-build-windows-amd64-cygwin\jdk8u281\880\hotspot\src\share\vm\prims\jni.cpp, line 710]
Event: 343.806 Thread 0x0000023bab4eb800 Exception <a 'sun/nio/fs/WindowsException'> (0x00000000dfb8e790) thrown at [C:\jenkins\workspace\8-2-build-windows-amd64-cygwin\jdk8u281\880\hotspot\src\share\vm\prims\jni.cpp, line 710]
Event: 343.882 Thread 0x0000023bab4eb800 Exception <a 'java/lang/NoSuchMethodError': <clinit>> (0x00000000e03aff58) thrown at [C:\jenkins\workspace\8-2-build-windows-amd64-cygwin\jdk8u281\880\hotspot\src\share\vm\prims\jni.cpp, line 1615]

Events (10 events):
Event: 345.688 Thread 0x0000023baeea4000 DEOPT UNPACKING pc=0x0000023b8aad5843 sp=0x000000d7b08fec18 mode 2
Event: 345.719 Thread 0x0000023baeea4000 Uncommon trap: trap_request=0xffffff65 fr.pc=0x0000023b8b0df0c8
Event: 345.719 Thread 0x0000023baeea4000 DEOPT PACKING pc=0x0000023b8b0df0c8 sp=0x000000d7b08fec40
Event: 345.719 Thread 0x0000023baeea4000 DEOPT UNPACKING pc=0x0000023b8aad5843 sp=0x000000d7b08fec38 mode 2
Event: 345.753 Thread 0x0000023baee9f000 DEOPT PACKING pc=0x0000023b8bde9ef6 sp=0x000000d7b09fe740
Event: 345.753 Thread 0x0000023baee9f000 DEOPT UNPACKING pc=0x0000023b8aad7498 sp=0x000000d7b09fe5e8 mode 0
Event: 345.766 loading class com/android/tools/r8/dex/n$a
Event: 345.766 loading class com/android/tools/r8/dex/n$a done
Event: 345.918 Thread 0x0000023baee9b000 DEOPT PACKING pc=0x0000023b8bde9ef6 sp=0x000000d7b05fec10
Event: 345.918 Thread 0x0000023baee9b000 DEOPT UNPACKING pc=0x0000023b8aad7498 sp=0x000000d7b05feab8 mode 0


Dynamic libraries:
0x00007ff6c14b0000 - 0x00007ff6c14f7000 	D:\Program Files\Java\jdk1.8.0_281\bin\java.exe
0x00007ffd545d0000 - 0x00007ffd547c5000 	C:\WINDOWS\SYSTEM32\ntdll.dll
0x00007ffd54270000 - 0x00007ffd5432d000 	C:\WINDOWS\System32\KERNEL32.DLL
0x00007ffd51e30000 - 0x00007ffd520f9000 	C:\WINDOWS\System32\KERNELBASE.dll
0x00007ffd52f80000 - 0x00007ffd5302c000 	C:\WINDOWS\System32\ADVAPI32.dll
0x00007ffd53e70000 - 0x00007ffd53f0e000 	C:\WINDOWS\System32\msvcrt.dll
0x00007ffd54470000 - 0x00007ffd5450b000 	C:\WINDOWS\System32\sechost.dll
0x00007ffd53f10000 - 0x00007ffd5403a000 	C:\WINDOWS\System32\RPCRT4.dll
0x00007ffd53b30000 - 0x00007ffd53cd0000 	C:\WINDOWS\System32\USER32.dll
0x00007ffd51d00000 - 0x00007ffd51d22000 	C:\WINDOWS\System32\win32u.dll
0x00007ffd52f50000 - 0x00007ffd52f7a000 	C:\WINDOWS\System32\GDI32.dll
0x00007ffd522c0000 - 0x00007ffd523cb000 	C:\WINDOWS\System32\gdi32full.dll
0x00007ffd52430000 - 0x00007ffd524cd000 	C:\WINDOWS\System32\msvcp_win.dll
0x00007ffd51d30000 - 0x00007ffd51e30000 	C:\WINDOWS\System32\ucrtbase.dll
0x00007ffd408b0000 - 0x00007ffd40b4a000 	C:\WINDOWS\WinSxS\amd64_microsoft.windows.common-controls_6595b64144ccf1df_6.0.19041.1110_none_60b5254171f9507e\COMCTL32.dll
0x00007ffd53cf0000 - 0x00007ffd53d20000 	C:\WINDOWS\System32\IMM32.DLL
0x00007ffd38040000 - 0x00007ffd38055000 	D:\Program Files\Java\jdk1.8.0_281\jre\bin\vcruntime140.dll
0x00007ffd318d0000 - 0x00007ffd3196b000 	D:\Program Files\Java\jdk1.8.0_281\jre\bin\msvcp140.dll
0x000000005afc0000 - 0x000000005b81f000 	D:\Program Files\Java\jdk1.8.0_281\jre\bin\server\jvm.dll
0x00007ffd52690000 - 0x00007ffd52698000 	C:\WINDOWS\System32\PSAPI.DLL
0x00007ffd4dc20000 - 0x00007ffd4dc29000 	C:\WINDOWS\SYSTEM32\WSOCK32.dll
0x00007ffd44870000 - 0x00007ffd44897000 	C:\WINDOWS\SYSTEM32\WINMM.dll
0x00007ffd53e00000 - 0x00007ffd53e6b000 	C:\WINDOWS\System32\WS2_32.dll
0x00007ffd4b3f0000 - 0x00007ffd4b3fa000 	C:\WINDOWS\SYSTEM32\VERSION.dll
0x00007ffd4fb30000 - 0x00007ffd4fb42000 	C:\WINDOWS\SYSTEM32\kernel.appcore.dll
0x00007ffd4ab80000 - 0x00007ffd4ab90000 	D:\Program Files\Java\jdk1.8.0_281\jre\bin\verify.dll
0x00007ffd37ec0000 - 0x00007ffd37eeb000 	D:\Program Files\Java\jdk1.8.0_281\jre\bin\java.dll
0x00007ffd37ea0000 - 0x00007ffd37eb8000 	D:\Program Files\Java\jdk1.8.0_281\jre\bin\zip.dll
0x00007ffd530f0000 - 0x00007ffd5382f000 	C:\WINDOWS\System32\SHELL32.dll
0x00007ffd4fe10000 - 0x00007ffd505a0000 	C:\WINDOWS\SYSTEM32\windows.storage.dll
0x00007ffd526a0000 - 0x00007ffd529f5000 	C:\WINDOWS\System32\combase.dll
0x00007ffd51690000 - 0x00007ffd516bc000 	C:\WINDOWS\SYSTEM32\Wldp.dll
0x00007ffd54330000 - 0x00007ffd543de000 	C:\WINDOWS\System32\SHCORE.dll
0x00007ffd52630000 - 0x00007ffd52685000 	C:\WINDOWS\System32\shlwapi.dll
0x00007ffd51c40000 - 0x00007ffd51c5f000 	C:\WINDOWS\SYSTEM32\profapi.dll
0x00007ffd36610000 - 0x00007ffd3662c000 	D:\Program Files\Java\jdk1.8.0_281\jre\bin\net.dll
0x00007ffd513f0000 - 0x00007ffd5145a000 	C:\WINDOWS\system32\mswsock.dll
0x00007ffd35ab0000 - 0x00007ffd35ac3000 	D:\Program Files\Java\jdk1.8.0_281\jre\bin\nio.dll
0x00007ffd45a30000 - 0x00007ffd45a57000 	C:\Users\ASDhull\.gradle\native\fdc75f09e3144964f2cf3f50f0aa648679c211496f362492102eb8c894070792\windows-amd64\native-platform.dll
0x00007ffd2c290000 - 0x00007ffd2c426000 	C:\Users\ASDhull\.gradle\native\12488b8bf47d2d4c9fbf2f6322a914ad602e24e48041cd04a747c6da556b65c4\windows-amd64\native-platform-file-events.dll
0x00007ffd46630000 - 0x00007ffd4663d000 	D:\Program Files\Java\jdk1.8.0_281\jre\bin\management.dll
0x00007ffd515e0000 - 0x00007ffd515f8000 	C:\WINDOWS\SYSTEM32\CRYPTSP.dll
0x00007ffd50d70000 - 0x00007ffd50da4000 	C:\WINDOWS\system32\rsaenh.dll
0x00007ffd52290000 - 0x00007ffd522b7000 	C:\WINDOWS\System32\bcrypt.dll
0x00007ffd51bc0000 - 0x00007ffd51bee000 	C:\WINDOWS\SYSTEM32\USERENV.dll
0x00007ffd52100000 - 0x00007ffd52183000 	C:\WINDOWS\System32\bcryptprimitives.dll
0x00007ffd51600000 - 0x00007ffd5160c000 	C:\WINDOWS\SYSTEM32\CRYPTBASE.dll
0x00007ffd510e0000 - 0x00007ffd5111b000 	C:\WINDOWS\SYSTEM32\IPHLPAPI.DLL
0x00007ffd54050000 - 0x00007ffd54058000 	C:\WINDOWS\System32\NSI.dll
0x00007ffd4abb0000 - 0x00007ffd4abc7000 	C:\WINDOWS\SYSTEM32\dhcpcsvc6.DLL
0x00007ffd4b230000 - 0x00007ffd4b24d000 	C:\WINDOWS\SYSTEM32\dhcpcsvc.DLL
0x00007ffd51120000 - 0x00007ffd511ec000 	C:\WINDOWS\SYSTEM32\DNSAPI.dll
0x00007ffd4b800000 - 0x00007ffd4b80b000 	C:\WINDOWS\SYSTEM32\WINNSI.DLL

VM Arguments:
jvm_args: -Xmx2048M -Dfile.encoding=windows-1252 -Duser.country=IN -Duser.language=en -Duser.variant 
java_command: org.gradle.launcher.daemon.bootstrap.GradleDaemon 6.7.1
java_class_path (initial): C:\Users\ASDhull\.gradle\wrapper\dists\gradle-6.7.1-all\2moa8rlfac5eqlcfgk98k0deb\gradle-6.7.1\lib\gradle-launcher-6.7.1.jar
Launcher Type: SUN_STANDARD

Environment Variables:
PATH=C:\Program Files (x86)\Common Files\Oracle\Java\javapath;C:\WINDOWS\system32;C:\WINDOWS;C:\WINDOWS\System32\Wbem;C:\WINDOWS\System32\WindowsPowerShell\v1.0\;C:\WINDOWS\System32\OpenSSH\;C:\Program Files\Git\cmd;C:\Program Files (x86)\Java\jre1.8.0_301\bin;F:\xampp1\php;C:\ProgramData\ComposerSetup\bin;C:\Program Files\nodejs\;C:\Users\ASDhull\AppData\Local\Microsoft\WindowsApps;;C:\Users\ASDhull\AppData\Local\Programs\Microsoft VS Code\bin;C:\Users\ASDhull\AppData\Roaming\Composer\vendor\bin;C:\Program Files\JetBrains\PyCharm Community Edition 2021.2\bin;;C:\Users\ASDhull\AppData\Roaming\npm
USERNAME=ASDhull
OS=Windows_NT
PROCESSOR_IDENTIFIER=AMD64 Family 23 Model 24 Stepping 1, AuthenticAMD



---------------  S Y S T E M  ---------------

OS: Windows 10.0 , 64 bit Build 19041 (10.0.19041.1151)

CPU:total 8 (initial active 8) (8 cores per cpu, 1 threads per core) family 23 model 24 stepping 1, cmov, cx8, fxsr, mmx, sse, sse2, sse3, ssse3, sse4.1, sse4.2, popcnt, avx, avx2, aes, clmul, mmxext, 3dnowpref, lzcnt, sse4a, tsc, tscinvbit, tscinv, bmi1

Memory: 4k page, physical 6165940k(208064k free), swap 21716192k(992k free)

vm_info: Java HotSpot(TM) 64-Bit Server VM (25.281-b09) for windows-amd64 JRE (1.8.0_281-b09), built on Dec  9 2020 13:54:07 by "" with MS VC++ 15.9 (VS2017)

time: Fri Aug 20 10:01:29 2021
timezone: India Standard Time
elapsed time: 346.617313 seconds (0d 0h 5m 46s)

