#
# There is insufficient memory for the Java Runtime Environment to continue.
# Native memory allocation (malloc) failed to allocate 733616 bytes for Chunk::new
# Possible reasons:
#   The system is out of physical RAM or swap space
#   The process is running with CompressedOops enabled, and the Java Heap may be blocking the growth of the native heap
# Possible solutions:
#   Reduce memory load on the system
#   Increase physical memory or swap space
#   Check if swap backing store is full
#   Decrease Java heap size (-Xmx/-Xms)
#   Decrease number of Java threads
#   Decrease Java thread stack sizes (-Xss)
#   Set larger code cache with -XX:ReservedCodeCacheSize=
#   JVM is running with Unscaled Compressed Oops mode in which the Java heap is
#     placed in the first 4GB address space. The Java Heap base address is the
#     maximum limit for the native heap growth. Please use -XX:HeapBaseMinAddress
#     to set the Java Heap base and to place the Java Heap above 4GB virtual address.
# This output file may be truncated or incomplete.
#
#  Out of Memory Error (allocation.cpp:389), pid=3640, tid=0x00000000000022a4
#
# JRE version: Java(TM) SE Runtime Environment (8.0_281-b09) (build 1.8.0_281-b09)
# Java VM: Java HotSpot(TM) 64-Bit Server VM (25.281-b09 mixed mode windows-amd64 compressed oops)
# Failed to write core dump. Minidumps are not enabled by default on client versions of Windows
#

---------------  T H R E A D  ---------------

Current thread (0x000001e878d70800):  JavaThread "C2 CompilerThread0" daemon [_thread_in_native, id=8868, stack(0x000000b5d5a00000,0x000000b5d5b00000)]

Stack: [0x000000b5d5a00000,0x000000b5d5b00000]
Native frames: (J=compiled Java code, j=interpreted, Vv=VM code, C=native code)
V  [jvm.dll+0x32e5b9]
V  [jvm.dll+0x275012]
V  [jvm.dll+0x275cbd]
V  [jvm.dll+0x26c6f5]
V  [jvm.dll+0xd51fc]
V  [jvm.dll+0xd59fc]
V  [jvm.dll+0x46f8c3]
V  [jvm.dll+0x4370fe]
V  [jvm.dll+0x4403d5]
V  [jvm.dll+0x43f795]
V  [jvm.dll+0x42a5e7]
V  [jvm.dll+0xabe9b]
V  [jvm.dll+0xaa4fb]
V  [jvm.dll+0x23d6b2]
V  [jvm.dll+0x291cbc]
C  [ucrtbase.dll+0x21bb2]
C  [KERNEL32.DLL+0x17034]
C  [ntdll.dll+0x52651]


Current CompileTask:
C2:   5153 1645   !   4       java.net.URLClassLoader$1::run (63 bytes)


---------------  P R O C E S S  ---------------

Java Threads: ( => current thread )
  0x000001e87c1b9000 JavaThread "Cache worker for journal cache (C:\Users\ASDhull\.gradle\caches\journal-1)" [_thread_blocked, id=4984, stack(0x000000b5d6c00000,0x000000b5d6d00000)]
  0x000001e87c1be800 JavaThread "File lock request listener" [_thread_in_native, id=11364, stack(0x000000b5d6b00000,0x000000b5d6c00000)]
  0x000001e87c1bd800 JavaThread "Cache worker for file hash cache (C:\Users\ASDhull\.gradle\caches\7.0.2\fileHashes)" [_thread_blocked, id=12644, stack(0x000000b5d6a00000,0x000000b5d6b00000)]
  0x000001e87c089000 JavaThread "Daemon client event forwarder" [_thread_blocked, id=8144, stack(0x000000b5d6900000,0x000000b5d6a00000)]
  0x000001e87c07e800 JavaThread "Stdin handler" [_thread_blocked, id=12976, stack(0x000000b5d6800000,0x000000b5d6900000)]
  0x000001e87c1a3800 JavaThread "Asynchronous log dispatcher for DefaultDaemonConnection: socket connection from /127.0.0.1:55647 to /127.0.0.1:55648" [_thread_blocked, id=7776, stack(0x000000b5d6700000,0x000000b5d6800000)]
  0x000001e87c09b800 JavaThread "Daemon worker" [_thread_in_vm, id=6828, stack(0x000000b5d6600000,0x000000b5d6700000)]
  0x000001e87c117800 JavaThread "Cancel handler" [_thread_blocked, id=8184, stack(0x000000b5d6500000,0x000000b5d6600000)]
  0x000001e87be70800 JavaThread "Handler for socket connection from /127.0.0.1:55647 to /127.0.0.1:55648" [_thread_in_native, id=7528, stack(0x000000b5d6400000,0x000000b5d6500000)]
  0x000001e87bf79000 JavaThread "Daemon" [_thread_blocked, id=11112, stack(0x000000b5d6300000,0x000000b5d6400000)]
  0x000001e87a60b800 JavaThread "Daemon periodic checks" [_thread_blocked, id=12928, stack(0x000000b5d6200000,0x000000b5d6300000)]
  0x000001e87a652800 JavaThread "Incoming local TCP Connector on port 55647" [_thread_in_native, id=4980, stack(0x000000b5d6100000,0x000000b5d6200000)]
  0x000001e87bce2000 JavaThread "Daemon health stats" [_thread_blocked, id=5848, stack(0x000000b5d6000000,0x000000b5d6100000)]
  0x000001e878df9000 JavaThread "Service Thread" daemon [_thread_blocked, id=8504, stack(0x000000b5d5e00000,0x000000b5d5f00000)]
  0x000001e878d7b000 JavaThread "C1 CompilerThread3" daemon [_thread_blocked, id=8708, stack(0x000000b5d5d00000,0x000000b5d5e00000)]
  0x000001e878d79800 JavaThread "C2 CompilerThread2" daemon [_thread_blocked, id=11816, stack(0x000000b5d5c00000,0x000000b5d5d00000)]
  0x000001e878d77000 JavaThread "C2 CompilerThread1" daemon [_thread_in_native, id=7132, stack(0x000000b5d5b00000,0x000000b5d5c00000)]
=>0x000001e878d70800 JavaThread "C2 CompilerThread0" daemon [_thread_in_native, id=8868, stack(0x000000b5d5a00000,0x000000b5d5b00000)]
  0x000001e878d6e800 JavaThread "Attach Listener" daemon [_thread_blocked, id=7016, stack(0x000000b5d5900000,0x000000b5d5a00000)]
  0x000001e878d6d000 JavaThread "Signal Dispatcher" daemon [_thread_blocked, id=6684, stack(0x000000b5d5800000,0x000000b5d5900000)]
  0x000001e878d4b000 JavaThread "Finalizer" daemon [_thread_blocked, id=8176, stack(0x000000b5d5700000,0x000000b5d5800000)]
  0x000001e878d4a000 JavaThread "Reference Handler" daemon [_thread_blocked, id=12400, stack(0x000000b5d5600000,0x000000b5d5700000)]
  0x000001e86201f000 JavaThread "main" [_thread_blocked, id=3644, stack(0x000000b5d4c00000,0x000000b5d4d00000)]

Other Threads:
  0x000001e878d23800 VMThread [stack: 0x000000b5d5500000,0x000000b5d5600000] [id=14440]
  0x000001e87a128800 WatcherThread [stack: 0x000000b5d5f00000,0x000000b5d6000000] [id=15220]

VM state:not at safepoint (normal execution)

VM Mutex/Monitor currently owned by a thread: None

heap address: 0x0000000080000000, size: 2048 MB, Compressed Oops mode: 32-bit
Narrow klass base: 0x0000000000000000, Narrow klass shift: 3
Compressed class space size: 1073741824 Address: 0x0000000100000000

Heap:
 PSYoungGen      total 53248K, used 46190K [0x00000000d5580000, 0x00000000d8d80000, 0x0000000100000000)
  eden space 49152K, 85% used [0x00000000d5580000,0x00000000d7ea3a60,0x00000000d8580000)
  from space 4096K, 99% used [0x00000000d8580000,0x00000000d8978040,0x00000000d8980000)
  to   space 4096K, 0% used [0x00000000d8980000,0x00000000d8980000,0x00000000d8d80000)
 ParOldGen       total 65536K, used 6348K [0x0000000080000000, 0x0000000084000000, 0x00000000d5580000)
  object space 65536K, 9% used [0x0000000080000000,0x0000000080633168,0x0000000084000000)
 Metaspace       used 18006K, capacity 18736K, committed 18944K, reserved 1064960K
  class space    used 2609K, capacity 2810K, committed 2816K, reserved 1048576K

Card table byte_map: [0x000001e872d90000,0x000001e8731a0000] byte_map_base: 0x000001e872990000

Marking Bits: (ParMarkBitMap*) 0x000000005aa26ff0
 Begin Bits: [0x000001e873450000, 0x000001e875450000)
 End Bits:   [0x000001e875450000, 0x000001e877450000)

Polling page: 0x000001e8621a0000

CodeCache: size=245760Kb used=5941Kb max_used=5953Kb free=239818Kb
 bounds [0x000001e8639d0000, 0x000001e863fb0000, 0x000001e8729d0000]
 total_blobs=2141 nmethods=1725 adapters=329
 compilation: enabled

Compilation events (10 events):
Event: 4.989 Thread 0x000001e878d79800 1689       4       java.lang.ReflectiveOperationException::<init> (7 bytes)
Event: 4.992 Thread 0x000001e878d79800 nmethod 1689 0x000001e863f8ead0 code [0x000001e863f8ec20, 0x000001e863f8efa8]
Event: 4.992 Thread 0x000001e878d79800 1690       4       java.lang.Throwable::<init> (39 bytes)
Event: 4.993 Thread 0x000001e878d7b000 1691       3       java.lang.invoke.LambdaForm$Name::replaceNames (174 bytes)
Event: 4.995 Thread 0x000001e878d7b000 nmethod 1691 0x000001e863f8d810 code [0x000001e863f8da00, 0x000001e863f8e580]
Event: 4.995 Thread 0x000001e878d7b000 1692       3       java.lang.invoke.MethodHandleNatives::refKindIsGetter (32 bytes)
Event: 4.995 Thread 0x000001e878d7b000 nmethod 1692 0x000001e863f8d490 code [0x000001e863f8d5e0, 0x000001e863f8d798]
Event: 4.996 Thread 0x000001e878d79800 nmethod 1690 0x000001e863f90bd0 code [0x000001e863f90d20, 0x000001e863f910a8]
Event: 4.996 Thread 0x000001e878d79800 1693       4       jdk.internal.org.objectweb.asm.ClassWriter::newUTF8 (70 bytes)
Event: 5.020 Thread 0x000001e878d79800 nmethod 1693 0x000001e863f8f790 code [0x000001e863f8f940, 0x000001e863f90308]

GC Heap History (10 events):
Event: 1.062 GC heap before
{Heap before GC invocations=1 (full 0):
 PSYoungGen      total 28672K, used 24576K [0x00000000d5580000, 0x00000000d7580000, 0x0000000100000000)
  eden space 24576K, 100% used [0x00000000d5580000,0x00000000d6d80000,0x00000000d6d80000)
  from space 4096K, 0% used [0x00000000d7180000,0x00000000d7180000,0x00000000d7580000)
  to   space 4096K, 0% used [0x00000000d6d80000,0x00000000d6d80000,0x00000000d7180000)
 ParOldGen       total 65536K, used 0K [0x0000000080000000, 0x0000000084000000, 0x00000000d5580000)
  object space 65536K, 0% used [0x0000000080000000,0x0000000080000000,0x0000000084000000)
 Metaspace       used 6896K, capacity 7110K, committed 7424K, reserved 1056768K
  class space    used 865K, capacity 949K, committed 1024K, reserved 1048576K
Event: 1.072 GC heap after
Heap after GC invocations=1 (full 0):
 PSYoungGen      total 28672K, used 3503K [0x00000000d5580000, 0x00000000d7580000, 0x0000000100000000)
  eden space 24576K, 0% used [0x00000000d5580000,0x00000000d5580000,0x00000000d6d80000)
  from space 4096K, 85% used [0x00000000d6d80000,0x00000000d70ebfa8,0x00000000d7180000)
  to   space 4096K, 0% used [0x00000000d7180000,0x00000000d7180000,0x00000000d7580000)
 ParOldGen       total 65536K, used 16K [0x0000000080000000, 0x0000000084000000, 0x00000000d5580000)
  object space 65536K, 0% used [0x0000000080000000,0x0000000080004000,0x0000000084000000)
 Metaspace       used 6896K, capacity 7110K, committed 7424K, reserved 1056768K
  class space    used 865K, capacity 949K, committed 1024K, reserved 1048576K
}
Event: 1.605 GC heap before
{Heap before GC invocations=2 (full 0):
 PSYoungGen      total 28672K, used 28079K [0x00000000d5580000, 0x00000000d7580000, 0x0000000100000000)
  eden space 24576K, 100% used [0x00000000d5580000,0x00000000d6d80000,0x00000000d6d80000)
  from space 4096K, 85% used [0x00000000d6d80000,0x00000000d70ebfa8,0x00000000d7180000)
  to   space 4096K, 0% used [0x00000000d7180000,0x00000000d7180000,0x00000000d7580000)
 ParOldGen       total 65536K, used 16K [0x0000000080000000, 0x0000000084000000, 0x00000000d5580000)
  object space 65536K, 0% used [0x0000000080000000,0x0000000080004000,0x0000000084000000)
 Metaspace       used 7844K, capacity 8092K, committed 8320K, reserved 1056768K
  class space    used 984K, capacity 1084K, committed 1152K, reserved 1048576K
Event: 1.612 GC heap after
Heap after GC invocations=2 (full 0):
 PSYoungGen      total 28672K, used 4084K [0x00000000d5580000, 0x00000000d8d80000, 0x0000000100000000)
  eden space 24576K, 0% used [0x00000000d5580000,0x00000000d5580000,0x00000000d6d80000)
  from space 4096K, 99% used [0x00000000d7180000,0x00000000d757d1e8,0x00000000d7580000)
  to   space 4096K, 0% used [0x00000000d6d80000,0x00000000d6d80000,0x00000000d7180000)
 ParOldGen       total 65536K, used 263K [0x0000000080000000, 0x0000000084000000, 0x00000000d5580000)
  object space 65536K, 0% used [0x0000000080000000,0x0000000080041e58,0x0000000084000000)
 Metaspace       used 7844K, capacity 8092K, committed 8320K, reserved 1056768K
  class space    used 984K, capacity 1084K, committed 1152K, reserved 1048576K
}
Event: 1.939 GC heap before
{Heap before GC invocations=3 (full 0):
 PSYoungGen      total 28672K, used 28660K [0x00000000d5580000, 0x00000000d8d80000, 0x0000000100000000)
  eden space 24576K, 100% used [0x00000000d5580000,0x00000000d6d80000,0x00000000d6d80000)
  from space 4096K, 99% used [0x00000000d7180000,0x00000000d757d1e8,0x00000000d7580000)
  to   space 4096K, 0% used [0x00000000d6d80000,0x00000000d6d80000,0x00000000d7180000)
 ParOldGen       total 65536K, used 263K [0x0000000080000000, 0x0000000084000000, 0x00000000d5580000)
  object space 65536K, 0% used [0x0000000080000000,0x0000000080041e58,0x0000000084000000)
 Metaspace       used 7990K, capacity 8252K, committed 8320K, reserved 1056768K
  class space    used 999K, capacity 1116K, committed 1152K, reserved 1048576K
Event: 1.945 GC heap after
Heap after GC invocations=3 (full 0):
 PSYoungGen      total 28672K, used 3781K [0x00000000d5580000, 0x00000000d8d80000, 0x0000000100000000)
  eden space 24576K, 0% used [0x00000000d5580000,0x00000000d5580000,0x00000000d6d80000)
  from space 4096K, 92% used [0x00000000d6d80000,0x00000000d71314f0,0x00000000d7180000)
  to   space 4096K, 0% used [0x00000000d8980000,0x00000000d8980000,0x00000000d8d80000)
 ParOldGen       total 65536K, used 271K [0x0000000080000000, 0x0000000084000000, 0x00000000d5580000)
  object space 65536K, 0% used [0x0000000080000000,0x0000000080043e58,0x0000000084000000)
 Metaspace       used 7990K, capacity 8252K, committed 8320K, reserved 1056768K
  class space    used 999K, capacity 1116K, committed 1152K, reserved 1048576K
}
Event: 2.321 GC heap before
{Heap before GC invocations=4 (full 0):
 PSYoungGen      total 28672K, used 28357K [0x00000000d5580000, 0x00000000d8d80000, 0x0000000100000000)
  eden space 24576K, 100% used [0x00000000d5580000,0x00000000d6d80000,0x00000000d6d80000)
  from space 4096K, 92% used [0x00000000d6d80000,0x00000000d71314f0,0x00000000d7180000)
  to   space 4096K, 0% used [0x00000000d8980000,0x00000000d8980000,0x00000000d8d80000)
 ParOldGen       total 65536K, used 271K [0x0000000080000000, 0x0000000084000000, 0x00000000d5580000)
  object space 65536K, 0% used [0x0000000080000000,0x0000000080043e58,0x0000000084000000)
 Metaspace       used 10111K, capacity 10474K, committed 10752K, reserved 1058816K
  class space    used 1369K, capacity 1489K, committed 1536K, reserved 1048576K
Event: 2.331 GC heap after
Heap after GC invocations=4 (full 0):
 PSYoungGen      total 53248K, used 4084K [0x00000000d5580000, 0x00000000d8d80000, 0x0000000100000000)
  eden space 49152K, 0% used [0x00000000d5580000,0x00000000d5580000,0x00000000d8580000)
  from space 4096K, 99% used [0x00000000d8980000,0x00000000d8d7d320,0x00000000d8d80000)
  to   space 4096K, 0% used [0x00000000d8580000,0x00000000d8580000,0x00000000d8980000)
 ParOldGen       total 65536K, used 1718K [0x0000000080000000, 0x0000000084000000, 0x00000000d5580000)
  object space 65536K, 2% used [0x0000000080000000,0x00000000801ad938,0x0000000084000000)
 Metaspace       used 10111K, capacity 10474K, committed 10752K, reserved 1058816K
  class space    used 1369K, capacity 1489K, committed 1536K, reserved 1048576K
}
Event: 4.218 GC heap before
{Heap before GC invocations=5 (full 0):
 PSYoungGen      total 53248K, used 53236K [0x00000000d5580000, 0x00000000d8d80000, 0x0000000100000000)
  eden space 49152K, 100% used [0x00000000d5580000,0x00000000d8580000,0x00000000d8580000)
  from space 4096K, 99% used [0x00000000d8980000,0x00000000d8d7d320,0x00000000d8d80000)
  to   space 4096K, 0% used [0x00000000d8580000,0x00000000d8580000,0x00000000d8980000)
 ParOldGen       total 65536K, used 1718K [0x0000000080000000, 0x0000000084000000, 0x00000000d5580000)
  object space 65536K, 2% used [0x0000000080000000,0x00000000801ad938,0x0000000084000000)
 Metaspace       used 15154K, capacity 15716K, committed 15872K, reserved 1062912K
  class space    used 2130K, capacity 2278K, committed 2304K, reserved 1048576K
Event: 4.237 GC heap after
Heap after GC invocations=5 (full 0):
 PSYoungGen      total 53248K, used 4064K [0x00000000d5580000, 0x00000000d8d80000, 0x0000000100000000)
  eden space 49152K, 0% used [0x00000000d5580000,0x00000000d5580000,0x00000000d8580000)
  from space 4096K, 99% used [0x00000000d8580000,0x00000000d8978040,0x00000000d8980000)
  to   space 4096K, 0% used [0x00000000d8980000,0x00000000d8980000,0x00000000d8d80000)
 ParOldGen       total 65536K, used 6348K [0x0000000080000000, 0x0000000084000000, 0x00000000d5580000)
  object space 65536K, 9% used [0x0000000080000000,0x0000000080633168,0x0000000084000000)
 Metaspace       used 15154K, capacity 15716K, committed 15872K, reserved 1062912K
  class space    used 2130K, capacity 2278K, committed 2304K, reserved 1048576K
}

Deoptimization events (10 events):
Event: 3.524 Thread 0x000001e87be70800 Uncommon trap: reason=unstable_if action=reinterpret pc=0x000001e863d5c438 method=java.lang.String.substring(I)Ljava/lang/String; @ 35
Event: 4.107 Thread 0x000001e87c09b800 Uncommon trap: reason=class_check action=maybe_recompile pc=0x000001e863d78448 method=java.util.regex.Matcher.match(II)Z @ 86
Event: 4.140 Thread 0x000001e87c09b800 Uncommon trap: reason=class_check action=maybe_recompile pc=0x000001e863d78448 method=java.util.regex.Matcher.match(II)Z @ 86
Event: 4.141 Thread 0x000001e87c09b800 Uncommon trap: reason=class_check action=maybe_recompile pc=0x000001e863d78448 method=java.util.regex.Matcher.match(II)Z @ 86
Event: 4.141 Thread 0x000001e87c09b800 Uncommon trap: reason=class_check action=maybe_recompile pc=0x000001e863b8dcdc method=java.util.regex.Matcher.match(II)Z @ 86
Event: 4.282 Thread 0x000001e87c09b800 Uncommon trap: reason=unstable_if action=reinterpret pc=0x000001e863baa958 method=java.io.WinNTFileSystem.resolve(Ljava/lang/String;Ljava/lang/String;)Ljava/lang/String; @ 19
Event: 4.283 Thread 0x000001e87c09b800 Uncommon trap: reason=unstable_if action=reinterpret pc=0x000001e863d6f31c method=java.io.File.getName()Ljava/lang/String; @ 16
Event: 4.559 Thread 0x000001e87c09b800 Uncommon trap: reason=unstable_if action=reinterpret pc=0x000001e863f4654c method=jdk.internal.org.objectweb.asm.Type.getArgumentsAndReturnSizes(Ljava/lang/String;)I @ 88
Event: 4.577 Thread 0x000001e87c09b800 Uncommon trap: reason=unstable_if action=reinterpret pc=0x000001e863c422b4 method=java.util.HashMap.getNode(ILjava/lang/Object;)Ljava/util/HashMap$Node; @ 129
Event: 4.579 Thread 0x000001e87c09b800 Uncommon trap: reason=unstable_if action=reinterpret pc=0x000001e863c346b8 method=java.util.HashMap.getNode(ILjava/lang/Object;)Ljava/util/HashMap$Node; @ 129

Classes redefined (0 events):
No events

Internal exceptions (10 events):
Event: 3.518 Thread 0x000001e87be70800 Exception <a 'java/lang/NoSuchMethodError': <clinit>> (0x00000000d5b63088) thrown at [C:\jenkins\workspace\8-2-build-windows-amd64-cygwin\jdk8u281\880\hotspot\src\share\vm\prims\jni.cpp, line 1615]
Event: 3.539 Thread 0x000001e87be70800 Exception <a 'java/lang/NoSuchMethodError': <clinit>> (0x00000000d5be8f58) thrown at [C:\jenkins\workspace\8-2-build-windows-amd64-cygwin\jdk8u281\880\hotspot\src\share\vm\prims\jni.cpp, line 1615]
Event: 3.550 Thread 0x000001e87be70800 Exception <a 'java/lang/NoSuchMethodError': <clinit>> (0x00000000d5c1a338) thrown at [C:\jenkins\workspace\8-2-build-windows-amd64-cygwin\jdk8u281\880\hotspot\src\share\vm\prims\jni.cpp, line 1615]
Event: 3.561 Thread 0x000001e87be70800 Exception <a 'java/lang/NoSuchMethodError': <clinit>> (0x00000000d5c48be8) thrown at [C:\jenkins\workspace\8-2-build-windows-amd64-cygwin\jdk8u281\880\hotspot\src\share\vm\prims\jni.cpp, line 1615]
Event: 3.921 Thread 0x000001e87c09b800 Exception <a 'java/lang/NoSuchMethodError': java.lang.Object.lambda$static$0(Lorg/gradle/internal/state/ModelObject;)Ljava/lang/String;> (0x00000000d71b9538) thrown at [C:\jenkins\workspace\8-2-build-windows-amd64-cygwin\jdk8u281\880\hotspot\src\share\vm\
Event: 4.085 Thread 0x000001e87c09b800 Exception <a 'java/lang/IncompatibleClassChangeError': Found class java.lang.Object, but interface was expected> (0x00000000d7f11018) thrown at [C:\jenkins\workspace\8-2-build-windows-amd64-cygwin\jdk8u281\880\hotspot\src\share\vm\interpreter\linkResolver
Event: 4.349 Thread 0x000001e87c09b800 Exception <a 'java/lang/NoSuchMethodError': java.lang.Object.lambda$and$0(Ljava/util/function/Predicate;Ljava/lang/Object;)Z> (0x00000000d5b0aa50) thrown at [C:\jenkins\workspace\8-2-build-windows-amd64-cygwin\jdk8u281\880\hotspot\src\share\vm\interpreter
Event: 4.464 Thread 0x000001e87c09b800 Exception <a 'java/lang/IncompatibleClassChangeError': Found class java.lang.Object, but interface was expected> (0x00000000d5b1ade0) thrown at [C:\jenkins\workspace\8-2-build-windows-amd64-cygwin\jdk8u281\880\hotspot\src\share\vm\interpreter\linkResolver
Event: 4.470 Thread 0x000001e87c09b800 Exception <a 'java/lang/NoSuchMethodError': java.lang.Object.lambda$or$2(Ljava/util/function/Predicate;Ljava/lang/Object;)Z> (0x00000000d5b1faf0) thrown at [C:\jenkins\workspace\8-2-build-windows-amd64-cygwin\jdk8u281\880\hotspot\src\share\vm\interpreter\
Event: 4.557 Thread 0x000001e87c09b800 Exception <a 'java/lang/NoSuchMethodError': java.lang.Object.lambda$comparing$77a9974f$1(Ljava/util/function/Function;Ljava/lang/Object;Ljava/lang/Object;)I> (0x00000000d6000e70) thrown at [C:\jenkins\workspace\8-2-build-windows-amd64-cygwin\jdk8u281\880\

Events (10 events):
Event: 5.046 loading class org/gradle/internal/reflect/PropertyAccessorType done
Event: 5.051 loading class org/gradle/internal/reflect/PropertyAccessorType$1
Event: 5.051 loading class org/gradle/internal/reflect/PropertyAccessorType$1 done
Event: 5.052 loading class org/gradle/internal/reflect/PropertyAccessorType$2
Event: 5.052 loading class org/gradle/internal/reflect/PropertyAccessorType$2 done
Event: 5.053 loading class org/gradle/internal/reflect/PropertyAccessorType$3
Event: 5.053 loading class org/gradle/internal/reflect/PropertyAccessorType$3 done
Event: 5.054 loading class org/gradle/internal/reflect/MethodSet$MethodKey
Event: 5.054 loading class org/gradle/internal/reflect/MethodSet$MethodKey done
Event: 5.054 loading class java/beans/Introspector


Dynamic libraries:
0x00007ff6c14b0000 - 0x00007ff6c14f7000 	D:\Program Files\Java\jdk1.8.0_281\bin\java.exe
0x00007ffd545d0000 - 0x00007ffd547c5000 	C:\WINDOWS\SYSTEM32\ntdll.dll
0x00007ffd54270000 - 0x00007ffd5432d000 	C:\WINDOWS\System32\KERNEL32.DLL
0x00007ffd51e30000 - 0x00007ffd520f9000 	C:\WINDOWS\System32\KERNELBASE.dll
0x00007ffd52f80000 - 0x00007ffd5302c000 	C:\WINDOWS\System32\ADVAPI32.dll
0x00007ffd53e70000 - 0x00007ffd53f0e000 	C:\WINDOWS\System32\msvcrt.dll
0x00007ffd54470000 - 0x00007ffd5450b000 	C:\WINDOWS\System32\sechost.dll
0x00007ffd53f10000 - 0x00007ffd5403a000 	C:\WINDOWS\System32\RPCRT4.dll
0x00007ffd53b30000 - 0x00007ffd53cd0000 	C:\WINDOWS\System32\USER32.dll
0x00007ffd51d00000 - 0x00007ffd51d22000 	C:\WINDOWS\System32\win32u.dll
0x00007ffd52f50000 - 0x00007ffd52f7a000 	C:\WINDOWS\System32\GDI32.dll
0x00007ffd522c0000 - 0x00007ffd523cb000 	C:\WINDOWS\System32\gdi32full.dll
0x00007ffd52430000 - 0x00007ffd524cd000 	C:\WINDOWS\System32\msvcp_win.dll
0x00007ffd51d30000 - 0x00007ffd51e30000 	C:\WINDOWS\System32\ucrtbase.dll
0x00007ffd408b0000 - 0x00007ffd40b4a000 	C:\WINDOWS\WinSxS\amd64_microsoft.windows.common-controls_6595b64144ccf1df_6.0.19041.1110_none_60b5254171f9507e\COMCTL32.dll
0x00007ffd53cf0000 - 0x00007ffd53d20000 	C:\WINDOWS\System32\IMM32.DLL
0x00007ffd3ab00000 - 0x00007ffd3ab15000 	D:\Program Files\Java\jdk1.8.0_281\jre\bin\vcruntime140.dll
0x00007ffd1e760000 - 0x00007ffd1e7fb000 	D:\Program Files\Java\jdk1.8.0_281\jre\bin\msvcp140.dll
0x000000005a240000 - 0x000000005aa9f000 	D:\Program Files\Java\jdk1.8.0_281\jre\bin\server\jvm.dll
0x00007ffd52690000 - 0x00007ffd52698000 	C:\WINDOWS\System32\PSAPI.DLL
0x00007ffd4b3f0000 - 0x00007ffd4b3fa000 	C:\WINDOWS\SYSTEM32\VERSION.dll
0x00007ffd44870000 - 0x00007ffd44897000 	C:\WINDOWS\SYSTEM32\WINMM.dll
0x00007ffd4cb50000 - 0x00007ffd4cb59000 	C:\WINDOWS\SYSTEM32\WSOCK32.dll
0x00007ffd53e00000 - 0x00007ffd53e6b000 	C:\WINDOWS\System32\WS2_32.dll
0x00007ffd4fb30000 - 0x00007ffd4fb42000 	C:\WINDOWS\SYSTEM32\kernel.appcore.dll
0x00007ffd41fe0000 - 0x00007ffd41ff0000 	D:\Program Files\Java\jdk1.8.0_281\jre\bin\verify.dll
0x00007ffd36600000 - 0x00007ffd3662b000 	D:\Program Files\Java\jdk1.8.0_281\jre\bin\java.dll
0x00007ffd38040000 - 0x00007ffd38058000 	D:\Program Files\Java\jdk1.8.0_281\jre\bin\zip.dll
0x00007ffd530f0000 - 0x00007ffd5382f000 	C:\WINDOWS\System32\SHELL32.dll
0x00007ffd4fe10000 - 0x00007ffd505a0000 	C:\WINDOWS\SYSTEM32\windows.storage.dll
0x00007ffd526a0000 - 0x00007ffd529f5000 	C:\WINDOWS\System32\combase.dll
0x00007ffd51690000 - 0x00007ffd516bc000 	C:\WINDOWS\SYSTEM32\Wldp.dll
0x00007ffd54330000 - 0x00007ffd543de000 	C:\WINDOWS\System32\SHCORE.dll
0x00007ffd52630000 - 0x00007ffd52685000 	C:\WINDOWS\System32\shlwapi.dll
0x00007ffd51c40000 - 0x00007ffd51c5f000 	C:\WINDOWS\SYSTEM32\profapi.dll
0x00007ffd351f0000 - 0x00007ffd3520c000 	D:\Program Files\Java\jdk1.8.0_281\jre\bin\net.dll
0x00007ffd513f0000 - 0x00007ffd5145a000 	C:\WINDOWS\system32\mswsock.dll
0x00007ffd35160000 - 0x00007ffd35173000 	D:\Program Files\Java\jdk1.8.0_281\jre\bin\nio.dll
0x00007ffd35800000 - 0x00007ffd35827000 	C:\Users\ASDhull\.gradle\native\8bec1ad78214c89d9ad589b4d07fe93259594b29d510b10fafb7a158f7737e5d\windows-amd64\native-platform.dll
0x00007ffd2bad0000 - 0x00007ffd2bc0d000 	C:\Users\ASDhull\.gradle\native\53dbd7edfb1c66fb8903c78663c9afc45aea4f116125fa6feffd364cf09443e8\windows-amd64\native-platform-file-events.dll
0x00007ffd41c50000 - 0x00007ffd41c5d000 	D:\Program Files\Java\jdk1.8.0_281\jre\bin\management.dll
0x00007ffd515e0000 - 0x00007ffd515f8000 	C:\WINDOWS\SYSTEM32\CRYPTSP.dll
0x00007ffd50d70000 - 0x00007ffd50da4000 	C:\WINDOWS\system32\rsaenh.dll
0x00007ffd52290000 - 0x00007ffd522b7000 	C:\WINDOWS\System32\bcrypt.dll
0x00007ffd51bc0000 - 0x00007ffd51bee000 	C:\WINDOWS\SYSTEM32\USERENV.dll
0x00007ffd52100000 - 0x00007ffd52183000 	C:\WINDOWS\System32\bcryptprimitives.dll
0x00007ffd51600000 - 0x00007ffd5160c000 	C:\WINDOWS\SYSTEM32\CRYPTBASE.dll
0x00007ffd510e0000 - 0x00007ffd5111b000 	C:\WINDOWS\SYSTEM32\IPHLPAPI.DLL
0x00007ffd54050000 - 0x00007ffd54058000 	C:\WINDOWS\System32\NSI.dll
0x00007ffd4abb0000 - 0x00007ffd4abc7000 	C:\WINDOWS\SYSTEM32\dhcpcsvc6.DLL
0x00007ffd4b230000 - 0x00007ffd4b24d000 	C:\WINDOWS\SYSTEM32\dhcpcsvc.DLL
0x00007ffd51120000 - 0x00007ffd511ec000 	C:\WINDOWS\SYSTEM32\DNSAPI.dll
0x00007ffd41120000 - 0x00007ffd41304000 	C:\WINDOWS\SYSTEM32\dbghelp.dll

VM Arguments:
jvm_args: -Xmx2048M -Dfile.encoding=windows-1252 -Duser.country=IN -Duser.language=en -Duser.variant 
java_command: org.gradle.launcher.daemon.bootstrap.GradleDaemon 7.0.2
java_class_path (initial): C:\Users\ASDhull\.gradle\wrapper\dists\gradle-7.0.2-all\7era6s5ay7zsbhuvl0oc9g94s\gradle-7.0.2\lib\gradle-launcher-7.0.2.jar
Launcher Type: SUN_STANDARD

Environment Variables:
PATH=C:\Program Files (x86)\Common Files\Oracle\Java\javapath;C:\WINDOWS\system32;C:\WINDOWS;C:\WINDOWS\System32\Wbem;C:\WINDOWS\System32\WindowsPowerShell\v1.0\;C:\WINDOWS\System32\OpenSSH\;C:\Program Files\Git\cmd;C:\Program Files (x86)\Java\jre1.8.0_301\bin;F:\xampp1\php;C:\ProgramData\ComposerSetup\bin;C:\Program Files\nodejs\;C:\Users\ASDhull\AppData\Local\Microsoft\WindowsApps;;C:\Users\ASDhull\AppData\Local\Programs\Microsoft VS Code\bin;C:\Users\ASDhull\AppData\Roaming\Composer\vendor\bin;C:\Program Files\JetBrains\PyCharm Community Edition 2021.2\bin;;C:\Users\ASDhull\AppData\Roaming\npm
USERNAME=ASDhull
OS=Windows_NT
PROCESSOR_IDENTIFIER=AMD64 Family 23 Model 24 Stepping 1, AuthenticAMD



---------------  S Y S T E M  ---------------

OS: Windows 10.0 , 64 bit Build 19041 (10.0.19041.1151)

CPU:total 8 (initial active 8) (8 cores per cpu, 1 threads per core) family 23 model 24 stepping 1, cmov, cx8, fxsr, mmx, sse, sse2, sse3, ssse3, sse4.1, sse4.2, popcnt, avx, avx2, aes, clmul, mmxext, 3dnowpref, lzcnt, sse4a, tsc, tscinvbit, tscinv, bmi1

Memory: 4k page, physical 6165940k(330476k free), swap 21716192k(164k free)

vm_info: Java HotSpot(TM) 64-Bit Server VM (25.281-b09) for windows-amd64 JRE (1.8.0_281-b09), built on Dec  9 2020 13:54:07 by "" with MS VC++ 15.9 (VS2017)

time: Fri Aug 20 07:53:05 2021
timezone: India Standard Time
elapsed time: 5.179506 seconds (0d 0h 0m 5s)

